2025-05-01 12:49:58,405 INFO o.y.b.a.a.BackendApiApplication [restartedMain] [-] Starting BackendApiApplication using Java 20.0.1 with PID 11428 (C:\Users\Oscar\Desktop\backend-api\target\classes started by Oscar in C:\Users\Oscar\Desktop\backend-api)
2025-05-01 12:49:58,408 INFO o.y.b.a.a.BackendApiApplication [restartedMain] [-] No active profile set, falling back to 1 default profile: "default"
2025-05-01 12:50:00,679 INFO o.a.c.h.Http11NioProtocol [restartedMain] [-] Initializing ProtocolHandler ["http-nio-8080"]
2025-05-01 12:50:01,600 INFO c.z.h.HikariDataSource [restartedMain] [-] HikariPool-1 - Starting...
2025-05-01 12:50:01,892 INFO c.z.h.p.HikariPool [restartedMain] [-] HikariPool-1 - Added connection com.mysql.cj.jdbc.ConnectionImpl@6fcefbbf
2025-05-01 12:50:01,895 INFO c.z.h.HikariDataSource [restartedMain] [-] HikariPool-1 - Start completed.
2025-05-01 12:50:01,972 WARN o.h.orm.deprecation [restartedMain] [-] HHH90000025: MySQL8Dialect does not need to be specified explicitly using 'hibernate.dialect' (remove the property setting and it will be selected by default)
2025-05-01 12:50:01,974 WARN o.h.orm.deprecation [restartedMain] [-] HHH90000026: MySQL8Dialect has been deprecated; use org.hibernate.dialect.MySQLDialect instead
2025-05-01 12:50:03,554 WARN o.s.b.a.o.j.JpaBaseConfiguration$JpaWebConfiguration [restartedMain] [-] spring.jpa.open-in-view is enabled by default. Therefore, database queries may be performed during view rendering. Explicitly configure spring.jpa.open-in-view to disable this warning
2025-05-01 12:50:04,113 INFO o.a.c.h.Http11NioProtocol [restartedMain] [-] Starting ProtocolHandler ["http-nio-8080"]
2025-05-01 12:50:04,154 INFO o.y.b.a.a.BackendApiApplication [restartedMain] [-] Started BackendApiApplication in 6.505 seconds (process running for 8.357)
2025-05-01 12:50:19,906 DEBUG org.hibernate.SQL [http-nio-8080-exec-2] [-] select ce1_0.id,ce1_0.apellidos,ce1_0.create_at,ce1_0.email,ce1_0.nombre from clientes ce1_0
2025-05-01 12:50:29,972 INFO o.y.b.a.a.i.c.ClienteControllers [http-nio-8080-exec-3] [-] Buscando clientes con filtro: Ana
2025-05-01 12:50:30,058 DEBUG org.hibernate.SQL [http-nio-8080-exec-3] [-] select ce1_0.id,ce1_0.apellidos,ce1_0.create_at,ce1_0.email,ce1_0.nombre from clientes ce1_0 where ce1_0.nombre like ? escape '\\' or ce1_0.email like ? escape '\\' order by ce1_0.id limit ?
2025-05-01 12:50:30,086 WARN o.s.d.w.c.SpringDataJacksonConfiguration$PageModule$WarningLoggingModifier [http-nio-8080-exec-3] [-] Serializing PageImpl instances as-is is not supported, meaning that there is no guarantee about the stability of the resulting JSON structure!
	For a stable JSON structure, please use Spring Data's PagedModel (globally via @EnableSpringDataWebSupport(pageSerializationMode = VIA_DTO))
	or Spring HATEOAS and Spring Data's PagedResourcesAssembler as documented in https://docs.spring.io/spring-data/commons/reference/repositories/core-extensions.html#core.web.pageables.

2025-05-01 12:50:34,868 INFO o.y.b.a.a.i.c.ClienteControllers [http-nio-8080-exec-4] [-] Buscando clientes con filtro: null
2025-05-01 12:50:34,874 DEBUG org.hibernate.SQL [http-nio-8080-exec-4] [-] select ce1_0.id,ce1_0.apellidos,ce1_0.create_at,ce1_0.email,ce1_0.nombre from clientes ce1_0 where ce1_0.nombre like ? escape '\\' or ce1_0.email like ? escape '\\' order by ce1_0.id limit ?
2025-05-01 12:50:52,118 INFO o.y.b.a.a.i.c.ClienteControllers [http-nio-8080-exec-5] [-] Buscando clientes con filtro: null
2025-05-01 12:50:52,124 DEBUG org.hibernate.SQL [http-nio-8080-exec-5] [-] select ce1_0.id,ce1_0.apellidos,ce1_0.create_at,ce1_0.email,ce1_0.nombre from clientes ce1_0 where ce1_0.nombre like ? escape '\\' or ce1_0.email like ? escape '\\' order by ce1_0.id limit ?
2025-05-01 12:50:59,174 INFO o.y.b.a.a.i.c.ClienteControllers [http-nio-8080-exec-6] [-] Buscando clientes con filtro: Ana
2025-05-01 12:50:59,180 DEBUG org.hibernate.SQL [http-nio-8080-exec-6] [-] select ce1_0.id,ce1_0.apellidos,ce1_0.create_at,ce1_0.email,ce1_0.nombre from clientes ce1_0 where ce1_0.nombre like ? escape '\\' or ce1_0.email like ? escape '\\' order by ce1_0.id limit ?
2025-05-01 12:51:05,249 INFO o.y.b.a.a.i.c.ClienteControllers [http-nio-8080-exec-7] [-] Buscando clientes con filtro: null
2025-05-01 12:51:05,253 DEBUG org.hibernate.SQL [http-nio-8080-exec-7] [-] select ce1_0.id,ce1_0.apellidos,ce1_0.create_at,ce1_0.email,ce1_0.nombre from clientes ce1_0 where ce1_0.nombre like ? escape '\\' or ce1_0.email like ? escape '\\' order by ce1_0.id limit ?
2025-05-01 12:51:35,358 INFO o.y.b.a.a.i.c.ClienteControllers [http-nio-8080-exec-8] [-] Buscando clientes con filtro: null
2025-05-01 12:51:35,361 DEBUG org.hibernate.SQL [http-nio-8080-exec-8] [-] select ce1_0.id,ce1_0.apellidos,ce1_0.create_at,ce1_0.email,ce1_0.nombre from clientes ce1_0 where ce1_0.nombre like ? escape '\\' or ce1_0.email like ? escape '\\' order by ce1_0.id limit ?
2025-05-01 12:52:23,077 WARN o.s.w.s.m.m.a.ExceptionHandlerExceptionResolver [http-nio-8080-exec-9] [-] Resolved [org.springframework.web.servlet.resource.NoResourceFoundException: No static resource api/clientes/clientes/page/0/10.]
2025-05-01 12:52:49,836 WARN o.s.w.s.m.m.a.ExceptionHandlerExceptionResolver [http-nio-8080-exec-1] [-] Resolved [org.springframework.web.bind.MissingPathVariableException: Required URI template variable 'size' for method parameter type Integer is not present]
2025-05-01 12:52:56,384 WARN o.s.w.s.m.m.a.ExceptionHandlerExceptionResolver [http-nio-8080-exec-3] [-] Resolved [org.springframework.web.servlet.resource.NoResourceFoundException: No static resource api/clientes/clientes/page/0/3.]
2025-05-01 12:53:57,051 INFO c.z.h.HikariDataSource [SpringApplicationShutdownHook] [-] HikariPool-1 - Shutdown initiated...
2025-05-01 12:53:57,057 INFO c.z.h.HikariDataSource [SpringApplicationShutdownHook] [-] HikariPool-1 - Shutdown completed.
2025-05-01 12:54:03,630 INFO o.y.b.a.a.BackendApiApplication [restartedMain] [-] Starting BackendApiApplication using Java 20.0.1 with PID 4208 (C:\Users\Oscar\Desktop\backend-api\target\classes started by Oscar in C:\Users\Oscar\Desktop\backend-api)
2025-05-01 12:54:03,632 INFO o.y.b.a.a.BackendApiApplication [restartedMain] [-] No active profile set, falling back to 1 default profile: "default"
2025-05-01 12:54:07,323 INFO o.a.c.h.Http11NioProtocol [restartedMain] [-] Initializing ProtocolHandler ["http-nio-8080"]
2025-05-01 12:54:08,116 INFO c.z.h.HikariDataSource [restartedMain] [-] HikariPool-1 - Starting...
2025-05-01 12:54:08,301 INFO c.z.h.p.HikariPool [restartedMain] [-] HikariPool-1 - Added connection com.mysql.cj.jdbc.ConnectionImpl@7957045d
2025-05-01 12:54:08,303 INFO c.z.h.HikariDataSource [restartedMain] [-] HikariPool-1 - Start completed.
2025-05-01 12:54:08,350 WARN o.h.orm.deprecation [restartedMain] [-] HHH90000025: MySQL8Dialect does not need to be specified explicitly using 'hibernate.dialect' (remove the property setting and it will be selected by default)
2025-05-01 12:54:08,351 WARN o.h.orm.deprecation [restartedMain] [-] HHH90000026: MySQL8Dialect has been deprecated; use org.hibernate.dialect.MySQLDialect instead
2025-05-01 12:54:09,745 WARN o.s.b.a.o.j.JpaBaseConfiguration$JpaWebConfiguration [restartedMain] [-] spring.jpa.open-in-view is enabled by default. Therefore, database queries may be performed during view rendering. Explicitly configure spring.jpa.open-in-view to disable this warning
2025-05-01 12:54:11,610 INFO o.a.c.h.Http11NioProtocol [restartedMain] [-] Starting ProtocolHandler ["http-nio-8080"]
2025-05-01 12:54:11,644 INFO o.y.b.a.a.BackendApiApplication [restartedMain] [-] Started BackendApiApplication in 8.778 seconds (process running for 9.401)
2025-05-01 12:55:09,398 INFO o.y.b.a.a.i.c.ClienteControllers [http-nio-8080-exec-2] [-] Buscando clientes con paginable
2025-05-01 12:55:09,556 DEBUG org.hibernate.SQL [http-nio-8080-exec-2] [-] select ce1_0.id,ce1_0.apellidos,ce1_0.create_at,ce1_0.email,ce1_0.nombre from clientes ce1_0 limit ?,?
2025-05-01 12:55:09,614 DEBUG org.hibernate.SQL [http-nio-8080-exec-2] [-] select count(ce1_0.id) from clientes ce1_0
2025-05-01 12:55:09,682 WARN o.s.d.w.c.SpringDataJacksonConfiguration$PageModule$WarningLoggingModifier [http-nio-8080-exec-2] [-] Serializing PageImpl instances as-is is not supported, meaning that there is no guarantee about the stability of the resulting JSON structure!
	For a stable JSON structure, please use Spring Data's PagedModel (globally via @EnableSpringDataWebSupport(pageSerializationMode = VIA_DTO))
	or Spring HATEOAS and Spring Data's PagedResourcesAssembler as documented in https://docs.spring.io/spring-data/commons/reference/repositories/core-extensions.html#core.web.pageables.

2025-05-01 12:55:21,297 INFO o.y.b.a.a.i.c.ClienteControllers [http-nio-8080-exec-3] [-] Buscando clientes con paginable
2025-05-01 12:55:21,300 DEBUG org.hibernate.SQL [http-nio-8080-exec-3] [-] select ce1_0.id,ce1_0.apellidos,ce1_0.create_at,ce1_0.email,ce1_0.nombre from clientes ce1_0 limit ?,?
2025-05-01 12:55:21,304 DEBUG org.hibernate.SQL [http-nio-8080-exec-3] [-] select count(ce1_0.id) from clientes ce1_0
2025-05-01 12:55:25,614 INFO o.y.b.a.a.i.c.ClienteControllers [http-nio-8080-exec-4] [-] Buscando clientes con paginable
2025-05-01 12:55:25,618 DEBUG org.hibernate.SQL [http-nio-8080-exec-4] [-] select ce1_0.id,ce1_0.apellidos,ce1_0.create_at,ce1_0.email,ce1_0.nombre from clientes ce1_0 limit ?,?
2025-05-01 12:55:25,623 DEBUG org.hibernate.SQL [http-nio-8080-exec-4] [-] select count(ce1_0.id) from clientes ce1_0
2025-05-01 12:55:33,413 INFO o.y.b.a.a.i.c.ClienteControllers [http-nio-8080-exec-5] [-] Buscando clientes con paginable
2025-05-01 12:55:33,415 DEBUG org.hibernate.SQL [http-nio-8080-exec-5] [-] select ce1_0.id,ce1_0.apellidos,ce1_0.create_at,ce1_0.email,ce1_0.nombre from clientes ce1_0 limit ?,?
2025-05-01 12:55:33,421 DEBUG org.hibernate.SQL [http-nio-8080-exec-5] [-] select count(ce1_0.id) from clientes ce1_0
2025-05-01 12:55:45,295 INFO c.z.h.HikariDataSource [SpringApplicationShutdownHook] [-] HikariPool-1 - Shutdown initiated...
2025-05-01 12:55:45,302 INFO c.z.h.HikariDataSource [SpringApplicationShutdownHook] [-] HikariPool-1 - Shutdown completed.
2025-05-01 12:57:26,478 INFO o.y.b.a.a.BackendApiApplication [restartedMain] [-] Starting BackendApiApplication using Java 20.0.1 with PID 600 (C:\Users\Oscar\Desktop\backend-api\target\classes started by Oscar in C:\Users\Oscar\Desktop\backend-api)
2025-05-01 12:57:26,480 INFO o.y.b.a.a.BackendApiApplication [restartedMain] [-] No active profile set, falling back to 1 default profile: "default"
2025-05-01 12:57:28,682 INFO o.a.c.h.Http11NioProtocol [restartedMain] [-] Initializing ProtocolHandler ["http-nio-8080"]
2025-05-01 12:57:29,874 INFO c.z.h.HikariDataSource [restartedMain] [-] HikariPool-1 - Starting...
2025-05-01 12:57:30,175 INFO c.z.h.p.HikariPool [restartedMain] [-] HikariPool-1 - Added connection com.mysql.cj.jdbc.ConnectionImpl@35c99319
2025-05-01 12:57:30,177 INFO c.z.h.HikariDataSource [restartedMain] [-] HikariPool-1 - Start completed.
2025-05-01 12:57:30,226 WARN o.h.orm.deprecation [restartedMain] [-] HHH90000025: MySQL8Dialect does not need to be specified explicitly using 'hibernate.dialect' (remove the property setting and it will be selected by default)
2025-05-01 12:57:30,227 WARN o.h.orm.deprecation [restartedMain] [-] HHH90000026: MySQL8Dialect has been deprecated; use org.hibernate.dialect.MySQLDialect instead
2025-05-01 12:57:31,812 WARN o.s.b.a.o.j.JpaBaseConfiguration$JpaWebConfiguration [restartedMain] [-] spring.jpa.open-in-view is enabled by default. Therefore, database queries may be performed during view rendering. Explicitly configure spring.jpa.open-in-view to disable this warning
2025-05-01 12:57:32,379 INFO o.a.c.h.Http11NioProtocol [restartedMain] [-] Starting ProtocolHandler ["http-nio-8080"]
2025-05-01 12:57:32,427 INFO o.y.b.a.a.BackendApiApplication [restartedMain] [-] Started BackendApiApplication in 6.755 seconds (process running for 7.445)
2025-05-01 12:57:38,654 INFO o.y.b.a.a.i.c.ClienteControllers [http-nio-8080-exec-2] [-] Buscando clientes con filtro: null
2025-05-01 12:57:38,800 DEBUG org.hibernate.SQL [http-nio-8080-exec-2] [-] select ce1_0.id,ce1_0.apellidos,ce1_0.create_at,ce1_0.email,ce1_0.nombre from clientes ce1_0 order by ce1_0.id limit ?,?
2025-05-01 12:57:38,854 DEBUG org.hibernate.SQL [http-nio-8080-exec-2] [-] select count(ce1_0.id) from clientes ce1_0
2025-05-01 12:57:38,922 WARN o.s.d.w.c.SpringDataJacksonConfiguration$PageModule$WarningLoggingModifier [http-nio-8080-exec-2] [-] Serializing PageImpl instances as-is is not supported, meaning that there is no guarantee about the stability of the resulting JSON structure!
	For a stable JSON structure, please use Spring Data's PagedModel (globally via @EnableSpringDataWebSupport(pageSerializationMode = VIA_DTO))
	or Spring HATEOAS and Spring Data's PagedResourcesAssembler as documented in https://docs.spring.io/spring-data/commons/reference/repositories/core-extensions.html#core.web.pageables.

2025-05-01 12:57:46,725 INFO o.y.b.a.a.i.c.ClienteControllers [http-nio-8080-exec-3] [-] Buscando clientes con filtro: null
2025-05-01 12:57:46,727 DEBUG org.hibernate.SQL [http-nio-8080-exec-3] [-] select ce1_0.id,ce1_0.apellidos,ce1_0.create_at,ce1_0.email,ce1_0.nombre from clientes ce1_0 order by ce1_0.id limit ?,?
2025-05-01 12:57:46,730 DEBUG org.hibernate.SQL [http-nio-8080-exec-3] [-] select count(ce1_0.id) from clientes ce1_0
2025-05-01 12:57:54,532 INFO o.y.b.a.a.i.c.ClienteControllers [http-nio-8080-exec-4] [-] Buscando clientes con filtro: null
2025-05-01 12:57:54,535 DEBUG org.hibernate.SQL [http-nio-8080-exec-4] [-] select ce1_0.id,ce1_0.apellidos,ce1_0.create_at,ce1_0.email,ce1_0.nombre from clientes ce1_0 order by ce1_0.id limit ?,?
2025-05-01 12:57:54,537 DEBUG org.hibernate.SQL [http-nio-8080-exec-4] [-] select count(ce1_0.id) from clientes ce1_0
2025-05-01 12:58:01,207 INFO o.y.b.a.a.i.c.ClienteControllers [http-nio-8080-exec-5] [-] Buscando clientes con filtro: null
2025-05-01 12:58:01,211 DEBUG org.hibernate.SQL [http-nio-8080-exec-5] [-] select ce1_0.id,ce1_0.apellidos,ce1_0.create_at,ce1_0.email,ce1_0.nombre from clientes ce1_0 order by ce1_0.id limit ?,?
2025-05-01 12:58:01,215 DEBUG org.hibernate.SQL [http-nio-8080-exec-5] [-] select count(ce1_0.id) from clientes ce1_0
2025-05-01 12:58:12,222 INFO o.y.b.a.a.i.c.ClienteControllers [http-nio-8080-exec-6] [-] Buscando clientes con filtro: Ana
2025-05-01 12:58:12,256 DEBUG org.hibernate.SQL [http-nio-8080-exec-6] [-] select ce1_0.id,ce1_0.apellidos,ce1_0.create_at,ce1_0.email,ce1_0.nombre from clientes ce1_0 where ce1_0.nombre like ? escape '\\' or ce1_0.email like ? escape '\\' order by ce1_0.id limit ?
2025-05-01 12:58:18,071 INFO o.y.b.a.a.i.c.ClienteControllers [http-nio-8080-exec-7] [-] Buscando clientes con filtro: null
2025-05-01 12:58:18,073 DEBUG org.hibernate.SQL [http-nio-8080-exec-7] [-] select ce1_0.id,ce1_0.apellidos,ce1_0.create_at,ce1_0.email,ce1_0.nombre from clientes ce1_0 order by ce1_0.id limit ?,?
2025-05-01 12:58:18,075 DEBUG org.hibernate.SQL [http-nio-8080-exec-7] [-] select count(ce1_0.id) from clientes ce1_0
2025-05-01 12:58:24,462 INFO c.z.h.HikariDataSource [SpringApplicationShutdownHook] [-] HikariPool-1 - Shutdown initiated...
2025-05-01 12:58:24,471 INFO c.z.h.HikariDataSource [SpringApplicationShutdownHook] [-] HikariPool-1 - Shutdown completed.
