2025-04-27 11:04:43,752 INFO o.y.b.a.a.BackendApiApplication [restartedMain] [-] Starting BackendApiApplication using Java 20.0.1 with PID 10900 (C:\Users\Oscar\Desktop\backend-api\target\classes started by Oscar in C:\Users\Oscar\Desktop\backend-api)
2025-04-27 11:04:43,754 INFO o.y.b.a.a.BackendApiApplication [restartedMain] [-] No active profile set, falling back to 1 default profile: "default"
2025-04-27 11:04:48,090 INFO o.a.c.h.Http11NioProtocol [restartedMain] [-] Initializing ProtocolHandler ["http-nio-8080"]
2025-04-27 11:04:49,110 INFO c.z.h.HikariDataSource [restartedMain] [-] HikariPool-1 - Starting...
2025-04-27 11:04:49,384 INFO c.z.h.p.HikariPool [restartedMain] [-] HikariPool-1 - Added connection com.mysql.cj.jdbc.ConnectionImpl@64d69625
2025-04-27 11:04:49,387 INFO c.z.h.HikariDataSource [restartedMain] [-] HikariPool-1 - Start completed.
2025-04-27 11:04:49,547 WARN o.h.orm.deprecation [restartedMain] [-] HHH90000025: MySQL8Dialect does not need to be specified explicitly using 'hibernate.dialect' (remove the property setting and it will be selected by default)
2025-04-27 11:04:49,553 WARN o.h.orm.deprecation [restartedMain] [-] HHH90000026: MySQL8Dialect has been deprecated; use org.hibernate.dialect.MySQLDialect instead
2025-04-27 11:04:51,366 WARN o.s.b.a.o.j.JpaBaseConfiguration$JpaWebConfiguration [restartedMain] [-] spring.jpa.open-in-view is enabled by default. Therefore, database queries may be performed during view rendering. Explicitly configure spring.jpa.open-in-view to disable this warning
2025-04-27 11:04:51,999 INFO o.a.c.h.Http11NioProtocol [restartedMain] [-] Starting ProtocolHandler ["http-nio-8080"]
2025-04-27 11:04:52,037 INFO o.y.b.a.a.BackendApiApplication [restartedMain] [-] Started BackendApiApplication in 9.19 seconds (process running for 11.22)
2025-04-27 11:05:06,398 INFO o.y.b.a.a.i.c.ClienteControllers [http-nio-8080-exec-1] [-] Buscando clientes con paginable
2025-04-27 11:05:06,539 DEBUG org.hibernate.SQL [http-nio-8080-exec-1] [-] select ce1_0.id,ce1_0.apellidos,ce1_0.create_at,ce1_0.email,ce1_0.nombre from clientes ce1_0 limit ?,?
2025-04-27 11:05:06,615 DEBUG org.hibernate.SQL [http-nio-8080-exec-1] [-] select count(ce1_0.id) from clientes ce1_0
2025-04-27 11:05:06,688 WARN o.s.d.w.c.SpringDataJacksonConfiguration$PageModule$WarningLoggingModifier [http-nio-8080-exec-1] [-] Serializing PageImpl instances as-is is not supported, meaning that there is no guarantee about the stability of the resulting JSON structure!
	For a stable JSON structure, please use Spring Data's PagedModel (globally via @EnableSpringDataWebSupport(pageSerializationMode = VIA_DTO))
	or Spring HATEOAS and Spring Data's PagedResourcesAssembler as documented in https://docs.spring.io/spring-data/commons/reference/repositories/core-extensions.html#core.web.pageables.

2025-04-27 11:06:57,509 INFO c.z.h.HikariDataSource [SpringApplicationShutdownHook] [-] HikariPool-1 - Shutdown initiated...
2025-04-27 11:06:57,524 INFO c.z.h.HikariDataSource [SpringApplicationShutdownHook] [-] HikariPool-1 - Shutdown completed.
2025-04-27 11:07:06,023 INFO o.y.b.a.a.BackendApiApplication [restartedMain] [-] Starting BackendApiApplication using Java 20.0.1 with PID 17728 (C:\Users\Oscar\Desktop\backend-api\target\classes started by Oscar in C:\Users\Oscar\Desktop\backend-api)
2025-04-27 11:07:06,026 INFO o.y.b.a.a.BackendApiApplication [restartedMain] [-] No active profile set, falling back to 1 default profile: "default"
2025-04-27 11:07:08,361 INFO o.a.c.h.Http11NioProtocol [restartedMain] [-] Initializing ProtocolHandler ["http-nio-8080"]
2025-04-27 11:07:09,469 INFO c.z.h.HikariDataSource [restartedMain] [-] HikariPool-1 - Starting...
2025-04-27 11:07:09,849 INFO c.z.h.p.HikariPool [restartedMain] [-] HikariPool-1 - Added connection com.mysql.cj.jdbc.ConnectionImpl@5b15ba86
2025-04-27 11:07:09,853 INFO c.z.h.HikariDataSource [restartedMain] [-] HikariPool-1 - Start completed.
2025-04-27 11:07:09,951 WARN o.h.orm.deprecation [restartedMain] [-] HHH90000025: MySQL8Dialect does not need to be specified explicitly using 'hibernate.dialect' (remove the property setting and it will be selected by default)
2025-04-27 11:07:09,953 WARN o.h.orm.deprecation [restartedMain] [-] HHH90000026: MySQL8Dialect has been deprecated; use org.hibernate.dialect.MySQLDialect instead
2025-04-27 11:07:11,821 WARN o.s.b.a.o.j.JpaBaseConfiguration$JpaWebConfiguration [restartedMain] [-] spring.jpa.open-in-view is enabled by default. Therefore, database queries may be performed during view rendering. Explicitly configure spring.jpa.open-in-view to disable this warning
2025-04-27 11:07:12,733 INFO o.a.c.h.Http11NioProtocol [restartedMain] [-] Starting ProtocolHandler ["http-nio-8080"]
2025-04-27 11:07:12,834 INFO o.y.b.a.a.BackendApiApplication [restartedMain] [-] Started BackendApiApplication in 7.614 seconds (process running for 8.286)
2025-04-27 11:15:43,976 INFO o.y.b.a.a.i.c.ClienteControllers [http-nio-8080-exec-1] [-] Buscando clientes con paginable
2025-04-27 11:15:44,254 DEBUG org.hibernate.SQL [http-nio-8080-exec-1] [-] select ce1_0.id,ce1_0.apellidos,ce1_0.create_at,ce1_0.email,ce1_0.nombre from clientes ce1_0 limit ?,?
2025-04-27 11:15:44,322 DEBUG org.hibernate.SQL [http-nio-8080-exec-1] [-] select count(ce1_0.id) from clientes ce1_0
2025-04-27 11:15:44,415 WARN o.s.d.w.c.SpringDataJacksonConfiguration$PageModule$WarningLoggingModifier [http-nio-8080-exec-1] [-] Serializing PageImpl instances as-is is not supported, meaning that there is no guarantee about the stability of the resulting JSON structure!
	For a stable JSON structure, please use Spring Data's PagedModel (globally via @EnableSpringDataWebSupport(pageSerializationMode = VIA_DTO))
	or Spring HATEOAS and Spring Data's PagedResourcesAssembler as documented in https://docs.spring.io/spring-data/commons/reference/repositories/core-extensions.html#core.web.pageables.

2025-04-27 11:16:26,777 INFO o.y.b.a.a.i.c.ClienteControllers [http-nio-8080-exec-2] [-] Buscando clientes con paginable
2025-04-27 11:16:26,779 DEBUG org.hibernate.SQL [http-nio-8080-exec-2] [-] select ce1_0.id,ce1_0.apellidos,ce1_0.create_at,ce1_0.email,ce1_0.nombre from clientes ce1_0 limit ?,?
2025-04-27 11:16:26,786 DEBUG org.hibernate.SQL [http-nio-8080-exec-2] [-] select count(ce1_0.id) from clientes ce1_0
2025-04-27 11:16:30,248 INFO o.y.b.a.a.i.c.ClienteControllers [http-nio-8080-exec-5] [-] Buscando clientes con paginable
2025-04-27 11:16:30,251 DEBUG org.hibernate.SQL [http-nio-8080-exec-5] [-] select ce1_0.id,ce1_0.apellidos,ce1_0.create_at,ce1_0.email,ce1_0.nombre from clientes ce1_0 limit ?,?
2025-04-27 11:16:30,254 DEBUG org.hibernate.SQL [http-nio-8080-exec-5] [-] select count(ce1_0.id) from clientes ce1_0
2025-04-27 11:17:11,365 INFO o.y.b.a.a.i.c.ClienteControllers [http-nio-8080-exec-4] [-] Buscando clientes con paginable
2025-04-27 11:17:11,368 DEBUG org.hibernate.SQL [http-nio-8080-exec-4] [-] select ce1_0.id,ce1_0.apellidos,ce1_0.create_at,ce1_0.email,ce1_0.nombre from clientes ce1_0 limit ?,?
2025-04-27 11:17:11,373 DEBUG org.hibernate.SQL [http-nio-8080-exec-4] [-] select count(ce1_0.id) from clientes ce1_0
2025-04-27 11:19:41,369 INFO o.y.b.a.a.i.c.ClienteControllers [http-nio-8080-exec-8] [-] Buscando clientes con paginable
2025-04-27 11:19:41,375 DEBUG org.hibernate.SQL [http-nio-8080-exec-8] [-] select ce1_0.id,ce1_0.apellidos,ce1_0.create_at,ce1_0.email,ce1_0.nombre from clientes ce1_0 limit ?,?
2025-04-27 11:19:41,381 DEBUG org.hibernate.SQL [http-nio-8080-exec-8] [-] select count(ce1_0.id) from clientes ce1_0
2025-04-27 11:19:54,290 WARN o.s.w.s.m.m.a.ExceptionHandlerExceptionResolver [http-nio-8080-exec-9] [-] Resolved [org.springframework.web.servlet.resource.NoResourceFoundException: No static resource api/clientes/clientes/page.]
2025-04-27 11:19:58,991 WARN o.s.w.s.m.m.a.ExceptionHandlerExceptionResolver [http-nio-8080-exec-10] [-] Resolved [org.springframework.web.servlet.resource.NoResourceFoundException: No static resource api/clientes/clientes/page.]
2025-04-27 11:20:16,633 INFO c.z.h.HikariDataSource [SpringApplicationShutdownHook] [-] HikariPool-1 - Shutdown initiated...
2025-04-27 11:20:16,643 INFO c.z.h.HikariDataSource [SpringApplicationShutdownHook] [-] HikariPool-1 - Shutdown completed.
2025-04-27 11:28:20,184 INFO o.y.b.a.a.BackendApiApplication [restartedMain] [-] Starting BackendApiApplication using Java 20.0.1 with PID 6528 (C:\Users\Oscar\Desktop\backend-api\target\classes started by Oscar in C:\Users\Oscar\Desktop\backend-api)
2025-04-27 11:28:20,187 INFO o.y.b.a.a.BackendApiApplication [restartedMain] [-] No active profile set, falling back to 1 default profile: "default"
2025-04-27 11:28:22,363 INFO o.a.c.h.Http11NioProtocol [restartedMain] [-] Initializing ProtocolHandler ["http-nio-8080"]
2025-04-27 11:28:23,275 INFO c.z.h.HikariDataSource [restartedMain] [-] HikariPool-1 - Starting...
2025-04-27 11:28:23,498 INFO c.z.h.p.HikariPool [restartedMain] [-] HikariPool-1 - Added connection com.mysql.cj.jdbc.ConnectionImpl@7957045d
2025-04-27 11:28:23,500 INFO c.z.h.HikariDataSource [restartedMain] [-] HikariPool-1 - Start completed.
2025-04-27 11:28:23,568 WARN o.h.orm.deprecation [restartedMain] [-] HHH90000025: MySQL8Dialect does not need to be specified explicitly using 'hibernate.dialect' (remove the property setting and it will be selected by default)
2025-04-27 11:28:23,570 WARN o.h.orm.deprecation [restartedMain] [-] HHH90000026: MySQL8Dialect has been deprecated; use org.hibernate.dialect.MySQLDialect instead
2025-04-27 11:28:25,153 WARN o.s.b.a.o.j.JpaBaseConfiguration$JpaWebConfiguration [restartedMain] [-] spring.jpa.open-in-view is enabled by default. Therefore, database queries may be performed during view rendering. Explicitly configure spring.jpa.open-in-view to disable this warning
2025-04-27 11:28:25,777 INFO o.a.c.h.Http11NioProtocol [restartedMain] [-] Starting ProtocolHandler ["http-nio-8080"]
2025-04-27 11:28:25,821 INFO o.y.b.a.a.BackendApiApplication [restartedMain] [-] Started BackendApiApplication in 6.434 seconds (process running for 6.976)
2025-04-27 11:28:38,013 WARN o.s.w.s.m.m.a.ExceptionHandlerExceptionResolver [http-nio-8080-exec-1] [-] Resolved [org.springframework.web.servlet.resource.NoResourceFoundException: No static resource api/clientes/clientes/page.]
2025-04-27 11:28:51,411 INFO o.y.b.a.a.i.c.ClienteControllers [http-nio-8080-exec-4] [-] Buscando clientes con paginable
2025-04-27 11:28:51,413 WARN o.s.w.s.m.m.a.ExceptionHandlerExceptionResolver [http-nio-8080-exec-4] [-] Resolved [java.lang.IllegalArgumentException: Page index must not be less than zero]
2025-04-27 11:29:25,015 INFO o.y.b.a.a.i.c.ClienteControllers [http-nio-8080-exec-6] [-] Buscando clientes con paginable
2025-04-27 11:29:25,018 WARN o.s.w.s.m.m.a.ExceptionHandlerExceptionResolver [http-nio-8080-exec-6] [-] Resolved [java.lang.IllegalArgumentException: Page index must not be less than zero]
2025-04-27 11:29:32,575 INFO o.y.b.a.a.i.c.ClienteControllers [http-nio-8080-exec-8] [-] Buscando clientes con paginable
2025-04-27 11:29:32,703 DEBUG org.hibernate.SQL [http-nio-8080-exec-8] [-] select ce1_0.id,ce1_0.apellidos,ce1_0.create_at,ce1_0.email,ce1_0.nombre from clientes ce1_0 limit ?,?
2025-04-27 11:29:32,743 DEBUG org.hibernate.SQL [http-nio-8080-exec-8] [-] select count(ce1_0.id) from clientes ce1_0
2025-04-27 11:29:32,760 WARN o.s.d.w.c.SpringDataJacksonConfiguration$PageModule$WarningLoggingModifier [http-nio-8080-exec-8] [-] Serializing PageImpl instances as-is is not supported, meaning that there is no guarantee about the stability of the resulting JSON structure!
	For a stable JSON structure, please use Spring Data's PagedModel (globally via @EnableSpringDataWebSupport(pageSerializationMode = VIA_DTO))
	or Spring HATEOAS and Spring Data's PagedResourcesAssembler as documented in https://docs.spring.io/spring-data/commons/reference/repositories/core-extensions.html#core.web.pageables.

2025-04-27 11:29:50,301 INFO c.z.h.HikariDataSource [SpringApplicationShutdownHook] [-] HikariPool-1 - Shutdown initiated...
2025-04-27 11:29:50,308 INFO c.z.h.HikariDataSource [SpringApplicationShutdownHook] [-] HikariPool-1 - Shutdown completed.
2025-04-27 11:30:40,823 INFO o.y.b.a.a.BackendApiApplication [restartedMain] [-] Starting BackendApiApplication using Java 20.0.1 with PID 23408 (C:\Users\Oscar\Desktop\backend-api\target\classes started by Oscar in C:\Users\Oscar\Desktop\backend-api)
2025-04-27 11:30:40,826 INFO o.y.b.a.a.BackendApiApplication [restartedMain] [-] No active profile set, falling back to 1 default profile: "default"
2025-04-27 11:30:45,613 INFO o.a.c.h.Http11NioProtocol [restartedMain] [-] Initializing ProtocolHandler ["http-nio-8080"]
2025-04-27 11:30:46,384 INFO c.z.h.HikariDataSource [restartedMain] [-] HikariPool-1 - Starting...
2025-04-27 11:30:46,585 INFO c.z.h.p.HikariPool [restartedMain] [-] HikariPool-1 - Added connection com.mysql.cj.jdbc.ConnectionImpl@79402380
2025-04-27 11:30:46,588 INFO c.z.h.HikariDataSource [restartedMain] [-] HikariPool-1 - Start completed.
2025-04-27 11:30:46,637 WARN o.h.orm.deprecation [restartedMain] [-] HHH90000025: MySQL8Dialect does not need to be specified explicitly using 'hibernate.dialect' (remove the property setting and it will be selected by default)
2025-04-27 11:30:46,640 WARN o.h.orm.deprecation [restartedMain] [-] HHH90000026: MySQL8Dialect has been deprecated; use org.hibernate.dialect.MySQLDialect instead
2025-04-27 11:30:47,998 WARN o.s.b.a.o.j.JpaBaseConfiguration$JpaWebConfiguration [restartedMain] [-] spring.jpa.open-in-view is enabled by default. Therefore, database queries may be performed during view rendering. Explicitly configure spring.jpa.open-in-view to disable this warning
2025-04-27 11:30:48,484 INFO o.a.c.h.Http11NioProtocol [restartedMain] [-] Starting ProtocolHandler ["http-nio-8080"]
2025-04-27 11:30:48,694 INFO o.y.b.a.a.BackendApiApplication [restartedMain] [-] Started BackendApiApplication in 8.631 seconds (process running for 9.206)
2025-04-27 11:30:57,571 INFO o.y.b.a.a.i.c.ClienteControllers [http-nio-8080-exec-1] [-] Buscando clientes con paginable
2025-04-27 11:30:57,767 DEBUG org.hibernate.SQL [http-nio-8080-exec-1] [-] select ce1_0.id,ce1_0.apellidos,ce1_0.create_at,ce1_0.email,ce1_0.nombre from clientes ce1_0 limit ?,?
2025-04-27 11:30:57,840 DEBUG org.hibernate.SQL [http-nio-8080-exec-1] [-] select count(ce1_0.id) from clientes ce1_0
2025-04-27 11:30:58,011 WARN o.s.d.w.c.SpringDataJacksonConfiguration$PageModule$WarningLoggingModifier [http-nio-8080-exec-1] [-] Serializing PageImpl instances as-is is not supported, meaning that there is no guarantee about the stability of the resulting JSON structure!
	For a stable JSON structure, please use Spring Data's PagedModel (globally via @EnableSpringDataWebSupport(pageSerializationMode = VIA_DTO))
	or Spring HATEOAS and Spring Data's PagedResourcesAssembler as documented in https://docs.spring.io/spring-data/commons/reference/repositories/core-extensions.html#core.web.pageables.

2025-04-27 11:31:11,621 INFO c.z.h.HikariDataSource [SpringApplicationShutdownHook] [-] HikariPool-1 - Shutdown initiated...
2025-04-27 11:31:11,632 INFO c.z.h.HikariDataSource [SpringApplicationShutdownHook] [-] HikariPool-1 - Shutdown completed.
2025-04-27 11:31:31,506 INFO o.y.b.a.a.BackendApiApplication [restartedMain] [-] Starting BackendApiApplication using Java 20.0.1 with PID 10452 (C:\Users\Oscar\Desktop\backend-api\target\classes started by Oscar in C:\Users\Oscar\Desktop\backend-api)
2025-04-27 11:31:31,509 INFO o.y.b.a.a.BackendApiApplication [restartedMain] [-] No active profile set, falling back to 1 default profile: "default"
2025-04-27 11:31:33,688 INFO o.a.c.h.Http11NioProtocol [restartedMain] [-] Initializing ProtocolHandler ["http-nio-8080"]
2025-04-27 11:31:34,464 INFO c.z.h.HikariDataSource [restartedMain] [-] HikariPool-1 - Starting...
2025-04-27 11:31:34,691 INFO c.z.h.p.HikariPool [restartedMain] [-] HikariPool-1 - Added connection com.mysql.cj.jdbc.ConnectionImpl@7f390a7e
2025-04-27 11:31:34,693 INFO c.z.h.HikariDataSource [restartedMain] [-] HikariPool-1 - Start completed.
2025-04-27 11:31:34,760 WARN o.h.orm.deprecation [restartedMain] [-] HHH90000025: MySQL8Dialect does not need to be specified explicitly using 'hibernate.dialect' (remove the property setting and it will be selected by default)
2025-04-27 11:31:34,764 WARN o.h.orm.deprecation [restartedMain] [-] HHH90000026: MySQL8Dialect has been deprecated; use org.hibernate.dialect.MySQLDialect instead
2025-04-27 11:31:36,209 WARN o.s.b.a.o.j.JpaBaseConfiguration$JpaWebConfiguration [restartedMain] [-] spring.jpa.open-in-view is enabled by default. Therefore, database queries may be performed during view rendering. Explicitly configure spring.jpa.open-in-view to disable this warning
2025-04-27 11:31:36,702 INFO o.a.c.h.Http11NioProtocol [restartedMain] [-] Starting ProtocolHandler ["http-nio-8080"]
2025-04-27 11:31:36,737 INFO o.y.b.a.a.BackendApiApplication [restartedMain] [-] Started BackendApiApplication in 5.969 seconds (process running for 6.579)
2025-04-27 11:31:54,631 INFO o.y.b.a.a.i.c.ClienteControllers [http-nio-8080-exec-1] [-] Buscando clientes con paginable
2025-04-27 11:31:54,781 DEBUG org.hibernate.SQL [http-nio-8080-exec-1] [-] select ce1_0.id,ce1_0.apellidos,ce1_0.create_at,ce1_0.email,ce1_0.nombre from clientes ce1_0 limit ?,?
2025-04-27 11:31:54,850 DEBUG org.hibernate.SQL [http-nio-8080-exec-1] [-] select count(ce1_0.id) from clientes ce1_0
2025-04-27 11:31:54,918 WARN o.s.d.w.c.SpringDataJacksonConfiguration$PageModule$WarningLoggingModifier [http-nio-8080-exec-1] [-] Serializing PageImpl instances as-is is not supported, meaning that there is no guarantee about the stability of the resulting JSON structure!
	For a stable JSON structure, please use Spring Data's PagedModel (globally via @EnableSpringDataWebSupport(pageSerializationMode = VIA_DTO))
	or Spring HATEOAS and Spring Data's PagedResourcesAssembler as documented in https://docs.spring.io/spring-data/commons/reference/repositories/core-extensions.html#core.web.pageables.

2025-04-27 11:32:32,867 INFO o.y.b.a.a.i.c.ClienteControllers [http-nio-8080-exec-3] [-] Buscando clientes con paginable
2025-04-27 11:32:32,891 WARN o.s.w.s.m.m.a.ExceptionHandlerExceptionResolver [http-nio-8080-exec-3] [-] Resolved [java.lang.IllegalArgumentException: Page index must not be less than zero]
2025-04-27 11:33:13,940 INFO c.z.h.HikariDataSource [SpringApplicationShutdownHook] [-] HikariPool-1 - Shutdown initiated...
2025-04-27 11:33:13,949 INFO c.z.h.HikariDataSource [SpringApplicationShutdownHook] [-] HikariPool-1 - Shutdown completed.
2025-04-27 12:16:56,641 INFO o.y.b.a.a.BackendApiApplication [restartedMain] [-] Starting BackendApiApplication using Java 20.0.1 with PID 22496 (C:\Users\Oscar\Desktop\backend-api\target\classes started by Oscar in C:\Users\Oscar\Desktop\backend-api)
2025-04-27 12:16:56,646 INFO o.y.b.a.a.BackendApiApplication [restartedMain] [-] No active profile set, falling back to 1 default profile: "default"
2025-04-27 12:17:01,271 INFO o.a.c.h.Http11NioProtocol [restartedMain] [-] Initializing ProtocolHandler ["http-nio-8080"]
2025-04-27 12:17:04,067 INFO c.z.h.HikariDataSource [restartedMain] [-] HikariPool-1 - Starting...
2025-04-27 12:17:04,730 INFO c.z.h.p.HikariPool [restartedMain] [-] HikariPool-1 - Added connection com.mysql.cj.jdbc.ConnectionImpl@7106e637
2025-04-27 12:17:04,735 INFO c.z.h.HikariDataSource [restartedMain] [-] HikariPool-1 - Start completed.
2025-04-27 12:17:04,876 WARN o.h.orm.deprecation [restartedMain] [-] HHH90000025: MySQL8Dialect does not need to be specified explicitly using 'hibernate.dialect' (remove the property setting and it will be selected by default)
2025-04-27 12:17:04,880 WARN o.h.orm.deprecation [restartedMain] [-] HHH90000026: MySQL8Dialect has been deprecated; use org.hibernate.dialect.MySQLDialect instead
2025-04-27 12:17:09,686 WARN o.s.b.a.o.j.JpaBaseConfiguration$JpaWebConfiguration [restartedMain] [-] spring.jpa.open-in-view is enabled by default. Therefore, database queries may be performed during view rendering. Explicitly configure spring.jpa.open-in-view to disable this warning
2025-04-27 12:17:11,214 INFO o.a.c.h.Http11NioProtocol [restartedMain] [-] Starting ProtocolHandler ["http-nio-8080"]
2025-04-27 12:17:11,323 INFO o.y.b.a.a.BackendApiApplication [restartedMain] [-] Started BackendApiApplication in 18.014 seconds (process running for 19.094)
2025-04-27 12:27:55,559 INFO o.y.b.a.a.i.c.ClienteControllers [http-nio-8080-exec-1] [-] Buscando clientes con paginable
2025-04-27 12:27:55,738 DEBUG org.hibernate.SQL [http-nio-8080-exec-1] [-] select ce1_0.id,ce1_0.apellidos,ce1_0.create_at,ce1_0.email,ce1_0.nombre from clientes ce1_0 limit ?,?
2025-04-27 12:27:55,813 DEBUG org.hibernate.SQL [http-nio-8080-exec-1] [-] select count(ce1_0.id) from clientes ce1_0
2025-04-27 12:27:55,885 WARN o.s.d.w.c.SpringDataJacksonConfiguration$PageModule$WarningLoggingModifier [http-nio-8080-exec-1] [-] Serializing PageImpl instances as-is is not supported, meaning that there is no guarantee about the stability of the resulting JSON structure!
	For a stable JSON structure, please use Spring Data's PagedModel (globally via @EnableSpringDataWebSupport(pageSerializationMode = VIA_DTO))
	or Spring HATEOAS and Spring Data's PagedResourcesAssembler as documented in https://docs.spring.io/spring-data/commons/reference/repositories/core-extensions.html#core.web.pageables.

2025-04-27 12:28:31,916 DEBUG org.hibernate.SQL [http-nio-8080-exec-2] [-] select ce1_0.id,ce1_0.apellidos,ce1_0.create_at,ce1_0.email,ce1_0.nombre from clientes ce1_0
2025-04-27 12:28:42,312 INFO o.y.b.a.a.i.c.ClienteControllers [http-nio-8080-exec-3] [-] Buscando clientes con paginable
2025-04-27 12:28:42,316 DEBUG org.hibernate.SQL [http-nio-8080-exec-3] [-] select ce1_0.id,ce1_0.apellidos,ce1_0.create_at,ce1_0.email,ce1_0.nombre from clientes ce1_0 limit ?,?
2025-04-27 12:28:42,320 DEBUG org.hibernate.SQL [http-nio-8080-exec-3] [-] select count(ce1_0.id) from clientes ce1_0
2025-04-27 12:28:47,661 INFO o.y.b.a.a.i.c.ClienteControllers [http-nio-8080-exec-4] [-] Buscando clientes con paginable
2025-04-27 12:28:47,665 DEBUG org.hibernate.SQL [http-nio-8080-exec-4] [-] select ce1_0.id,ce1_0.apellidos,ce1_0.create_at,ce1_0.email,ce1_0.nombre from clientes ce1_0 limit ?,?
2025-04-27 12:28:47,674 DEBUG org.hibernate.SQL [http-nio-8080-exec-4] [-] select count(ce1_0.id) from clientes ce1_0
2025-04-27 12:28:51,556 INFO o.y.b.a.a.i.c.ClienteControllers [http-nio-8080-exec-5] [-] Buscando clientes con paginable
2025-04-27 12:28:51,560 DEBUG org.hibernate.SQL [http-nio-8080-exec-5] [-] select ce1_0.id,ce1_0.apellidos,ce1_0.create_at,ce1_0.email,ce1_0.nombre from clientes ce1_0 limit ?,?
2025-04-27 12:28:51,567 DEBUG org.hibernate.SQL [http-nio-8080-exec-5] [-] select count(ce1_0.id) from clientes ce1_0
2025-04-27 12:29:13,754 INFO o.y.b.a.a.i.c.ClienteControllers [http-nio-8080-exec-9] [-] Buscando clientes con paginable
2025-04-27 12:29:13,757 DEBUG org.hibernate.SQL [http-nio-8080-exec-9] [-] select ce1_0.id,ce1_0.apellidos,ce1_0.create_at,ce1_0.email,ce1_0.nombre from clientes ce1_0 limit ?,?
2025-04-27 12:31:47,279 INFO o.y.b.a.a.i.c.ClienteControllers [http-nio-8080-exec-8] [-] Buscando clientes con paginable
2025-04-27 12:31:47,282 DEBUG org.hibernate.SQL [http-nio-8080-exec-8] [-] select ce1_0.id,ce1_0.apellidos,ce1_0.create_at,ce1_0.email,ce1_0.nombre from clientes ce1_0 limit ?,?
2025-04-27 12:31:47,285 DEBUG org.hibernate.SQL [http-nio-8080-exec-8] [-] select count(ce1_0.id) from clientes ce1_0
2025-04-27 12:32:58,383 INFO o.y.b.a.a.i.c.ClienteControllers [http-nio-8080-exec-2] [-] Buscando clientes con paginable
2025-04-27 12:32:58,389 DEBUG org.hibernate.SQL [http-nio-8080-exec-2] [-] select ce1_0.id,ce1_0.apellidos,ce1_0.create_at,ce1_0.email,ce1_0.nombre from clientes ce1_0 limit ?,?
2025-04-27 12:32:58,394 DEBUG org.hibernate.SQL [http-nio-8080-exec-2] [-] select count(ce1_0.id) from clientes ce1_0
2025-04-27 12:33:04,612 DEBUG org.hibernate.SQL [http-nio-8080-exec-3] [-] select ce1_0.id,ce1_0.apellidos,ce1_0.create_at,ce1_0.email,ce1_0.nombre from clientes ce1_0
2025-04-27 12:33:10,143 INFO o.y.b.a.a.i.c.ClienteControllers [http-nio-8080-exec-4] [-] Buscando cliente por ID: 31
2025-04-27 12:33:10,168 DEBUG org.hibernate.SQL [http-nio-8080-exec-4] [-] select ce1_0.id,ce1_0.apellidos,ce1_0.create_at,ce1_0.email,ce1_0.nombre from clientes ce1_0 where ce1_0.id=?
2025-04-27 12:33:12,776 DEBUG org.hibernate.SQL [http-nio-8080-exec-5] [-] select ce1_0.id,ce1_0.apellidos,ce1_0.create_at,ce1_0.email,ce1_0.nombre from clientes ce1_0
2025-04-27 12:33:14,014 INFO o.y.b.a.a.i.c.ClienteControllers [http-nio-8080-exec-6] [-] Buscando cliente por ID: 16
2025-04-27 12:33:14,016 DEBUG org.hibernate.SQL [http-nio-8080-exec-6] [-] select ce1_0.id,ce1_0.apellidos,ce1_0.create_at,ce1_0.email,ce1_0.nombre from clientes ce1_0 where ce1_0.id=?
2025-04-27 12:33:15,793 DEBUG org.hibernate.SQL [http-nio-8080-exec-9] [-] select ce1_0.id,ce1_0.apellidos,ce1_0.create_at,ce1_0.email,ce1_0.nombre from clientes ce1_0
2025-04-27 12:34:05,378 DEBUG org.hibernate.SQL [http-nio-8080-exec-10] [-] select ce1_0.id,ce1_0.apellidos,ce1_0.create_at,ce1_0.email,ce1_0.nombre from clientes ce1_0
2025-04-27 12:34:18,852 DEBUG org.hibernate.SQL [http-nio-8080-exec-7] [-] select ce1_0.id,ce1_0.apellidos,ce1_0.create_at,ce1_0.email,ce1_0.nombre from clientes ce1_0
2025-04-27 12:34:39,618 DEBUG org.hibernate.SQL [http-nio-8080-exec-8] [-] select ce1_0.id,ce1_0.apellidos,ce1_0.create_at,ce1_0.email,ce1_0.nombre from clientes ce1_0
2025-04-27 12:34:47,775 DEBUG org.hibernate.SQL [http-nio-8080-exec-1] [-] select ce1_0.id,ce1_0.apellidos,ce1_0.create_at,ce1_0.email,ce1_0.nombre from clientes ce1_0
2025-04-27 12:35:09,508 DEBUG org.hibernate.SQL [http-nio-8080-exec-2] [-] select ce1_0.id,ce1_0.apellidos,ce1_0.create_at,ce1_0.email,ce1_0.nombre from clientes ce1_0
2025-04-27 12:35:16,020 DEBUG org.hibernate.SQL [http-nio-8080-exec-3] [-] select ce1_0.id,ce1_0.apellidos,ce1_0.create_at,ce1_0.email,ce1_0.nombre from clientes ce1_0
2025-04-27 12:35:21,439 DEBUG org.hibernate.SQL [http-nio-8080-exec-4] [-] select ce1_0.id,ce1_0.apellidos,ce1_0.create_at,ce1_0.email,ce1_0.nombre from clientes ce1_0
2025-04-27 12:37:32,746 DEBUG org.hibernate.SQL [http-nio-8080-exec-6] [-] select ce1_0.id,ce1_0.apellidos,ce1_0.create_at,ce1_0.email,ce1_0.nombre from clientes ce1_0
2025-04-27 12:40:03,053 DEBUG org.hibernate.SQL [http-nio-8080-exec-10] [-] select ce1_0.id,ce1_0.apellidos,ce1_0.create_at,ce1_0.email,ce1_0.nombre from clientes ce1_0
2025-04-27 12:40:12,244 DEBUG org.hibernate.SQL [http-nio-8080-exec-7] [-] select ce1_0.id,ce1_0.apellidos,ce1_0.create_at,ce1_0.email,ce1_0.nombre from clientes ce1_0
2025-04-27 12:40:15,258 DEBUG org.hibernate.SQL [http-nio-8080-exec-8] [-] select ce1_0.id,ce1_0.apellidos,ce1_0.create_at,ce1_0.email,ce1_0.nombre from clientes ce1_0
2025-04-27 12:40:19,448 INFO o.y.b.a.a.i.c.ClienteControllers [http-nio-8080-exec-1] [-] Buscando clientes con paginable
2025-04-27 12:40:19,455 DEBUG org.hibernate.SQL [http-nio-8080-exec-1] [-] select ce1_0.id,ce1_0.apellidos,ce1_0.create_at,ce1_0.email,ce1_0.nombre from clientes ce1_0 limit ?,?
2025-04-27 12:40:19,459 DEBUG org.hibernate.SQL [http-nio-8080-exec-1] [-] select count(ce1_0.id) from clientes ce1_0
2025-04-27 12:40:24,684 INFO o.y.b.a.a.i.c.ClienteControllers [http-nio-8080-exec-2] [-] Buscando clientes con paginable
2025-04-27 12:40:24,688 DEBUG org.hibernate.SQL [http-nio-8080-exec-2] [-] select ce1_0.id,ce1_0.apellidos,ce1_0.create_at,ce1_0.email,ce1_0.nombre from clientes ce1_0 limit ?,?
2025-04-27 12:40:24,692 DEBUG org.hibernate.SQL [http-nio-8080-exec-2] [-] select count(ce1_0.id) from clientes ce1_0
2025-04-27 12:40:32,754 INFO o.y.b.a.a.i.c.ClienteControllers [http-nio-8080-exec-3] [-] Buscando clientes con paginable
2025-04-27 12:40:32,758 DEBUG org.hibernate.SQL [http-nio-8080-exec-3] [-] select ce1_0.id,ce1_0.apellidos,ce1_0.create_at,ce1_0.email,ce1_0.nombre from clientes ce1_0 limit ?,?
2025-04-27 12:40:32,762 DEBUG org.hibernate.SQL [http-nio-8080-exec-3] [-] select count(ce1_0.id) from clientes ce1_0
2025-04-27 12:40:36,874 INFO o.y.b.a.a.i.c.ClienteControllers [http-nio-8080-exec-4] [-] Buscando clientes con paginable
2025-04-27 12:40:36,879 DEBUG org.hibernate.SQL [http-nio-8080-exec-4] [-] select ce1_0.id,ce1_0.apellidos,ce1_0.create_at,ce1_0.email,ce1_0.nombre from clientes ce1_0 limit ?,?
2025-04-27 12:40:36,883 DEBUG org.hibernate.SQL [http-nio-8080-exec-4] [-] select count(ce1_0.id) from clientes ce1_0
2025-04-27 12:40:40,606 INFO o.y.b.a.a.i.c.ClienteControllers [http-nio-8080-exec-5] [-] Buscando clientes con paginable
2025-04-27 12:40:40,612 DEBUG org.hibernate.SQL [http-nio-8080-exec-5] [-] select ce1_0.id,ce1_0.apellidos,ce1_0.create_at,ce1_0.email,ce1_0.nombre from clientes ce1_0 limit ?,?
2025-04-27 12:40:40,615 DEBUG org.hibernate.SQL [http-nio-8080-exec-5] [-] select count(ce1_0.id) from clientes ce1_0
2025-04-27 12:40:43,328 INFO o.y.b.a.a.i.c.ClienteControllers [http-nio-8080-exec-6] [-] Buscando clientes con paginable
2025-04-27 12:40:43,335 DEBUG org.hibernate.SQL [http-nio-8080-exec-6] [-] select ce1_0.id,ce1_0.apellidos,ce1_0.create_at,ce1_0.email,ce1_0.nombre from clientes ce1_0 limit ?,?
2025-04-27 12:40:43,341 DEBUG org.hibernate.SQL [http-nio-8080-exec-6] [-] select count(ce1_0.id) from clientes ce1_0
2025-04-27 12:40:45,991 INFO o.y.b.a.a.i.c.ClienteControllers [http-nio-8080-exec-9] [-] Buscando clientes con paginable
2025-04-27 12:40:45,997 DEBUG org.hibernate.SQL [http-nio-8080-exec-9] [-] select ce1_0.id,ce1_0.apellidos,ce1_0.create_at,ce1_0.email,ce1_0.nombre from clientes ce1_0 limit ?,?
2025-04-27 12:40:46,002 DEBUG org.hibernate.SQL [http-nio-8080-exec-9] [-] select count(ce1_0.id) from clientes ce1_0
2025-04-27 12:40:49,358 INFO o.y.b.a.a.i.c.ClienteControllers [http-nio-8080-exec-10] [-] Buscando clientes con paginable
2025-04-27 12:40:49,363 DEBUG org.hibernate.SQL [http-nio-8080-exec-10] [-] select ce1_0.id,ce1_0.apellidos,ce1_0.create_at,ce1_0.email,ce1_0.nombre from clientes ce1_0 limit ?,?
2025-04-27 12:40:53,158 INFO o.y.b.a.a.i.c.ClienteControllers [http-nio-8080-exec-7] [-] Buscando clientes con paginable
2025-04-27 12:40:53,163 DEBUG org.hibernate.SQL [http-nio-8080-exec-7] [-] select ce1_0.id,ce1_0.apellidos,ce1_0.create_at,ce1_0.email,ce1_0.nombre from clientes ce1_0 limit ?,?
2025-04-27 12:40:53,167 DEBUG org.hibernate.SQL [http-nio-8080-exec-7] [-] select count(ce1_0.id) from clientes ce1_0
2025-04-27 12:40:55,679 INFO o.y.b.a.a.i.c.ClienteControllers [http-nio-8080-exec-8] [-] Buscando clientes con paginable
2025-04-27 12:40:55,683 DEBUG org.hibernate.SQL [http-nio-8080-exec-8] [-] select ce1_0.id,ce1_0.apellidos,ce1_0.create_at,ce1_0.email,ce1_0.nombre from clientes ce1_0 limit ?,?
2025-04-27 12:40:59,563 INFO o.y.b.a.a.i.c.ClienteControllers [http-nio-8080-exec-1] [-] Buscando clientes con paginable
2025-04-27 12:40:59,568 DEBUG org.hibernate.SQL [http-nio-8080-exec-1] [-] select ce1_0.id,ce1_0.apellidos,ce1_0.create_at,ce1_0.email,ce1_0.nombre from clientes ce1_0 limit ?,?
2025-04-27 12:40:59,572 DEBUG org.hibernate.SQL [http-nio-8080-exec-1] [-] select count(ce1_0.id) from clientes ce1_0
2025-04-27 12:41:05,190 INFO o.y.b.a.a.i.c.ClienteControllers [http-nio-8080-exec-2] [-] Buscando clientes con paginable
2025-04-27 12:41:05,194 DEBUG org.hibernate.SQL [http-nio-8080-exec-2] [-] select ce1_0.id,ce1_0.apellidos,ce1_0.create_at,ce1_0.email,ce1_0.nombre from clientes ce1_0 limit ?,?
2025-04-27 12:41:05,197 DEBUG org.hibernate.SQL [http-nio-8080-exec-2] [-] select count(ce1_0.id) from clientes ce1_0
2025-04-27 12:41:29,170 INFO o.y.b.a.a.i.c.ClienteControllers [http-nio-8080-exec-3] [-] Buscando clientes con paginable
2025-04-27 12:41:29,175 DEBUG org.hibernate.SQL [http-nio-8080-exec-3] [-] select ce1_0.id,ce1_0.apellidos,ce1_0.create_at,ce1_0.email,ce1_0.nombre from clientes ce1_0 limit ?,?
2025-04-27 12:41:29,179 DEBUG org.hibernate.SQL [http-nio-8080-exec-3] [-] select count(ce1_0.id) from clientes ce1_0
2025-04-27 13:02:50,102 INFO c.z.h.HikariDataSource [SpringApplicationShutdownHook] [-] HikariPool-1 - Shutdown initiated...
2025-04-27 13:02:50,106 INFO c.z.h.HikariDataSource [SpringApplicationShutdownHook] [-] HikariPool-1 - Shutdown completed.
2025-04-27 15:44:27,658 INFO o.y.b.a.a.BackendApiApplication [restartedMain] [-] Starting BackendApiApplication using Java 20.0.1 with PID 21860 (C:\Users\Oscar\Desktop\backend-api\target\classes started by Oscar in C:\Users\Oscar\Desktop\backend-api)
2025-04-27 15:44:27,664 INFO o.y.b.a.a.BackendApiApplication [restartedMain] [-] No active profile set, falling back to 1 default profile: "default"
2025-04-27 15:44:31,654 INFO o.a.c.h.Http11NioProtocol [restartedMain] [-] Initializing ProtocolHandler ["http-nio-8080"]
2025-04-27 15:44:33,578 INFO c.z.h.HikariDataSource [restartedMain] [-] HikariPool-1 - Starting...
2025-04-27 15:44:34,003 INFO c.z.h.p.HikariPool [restartedMain] [-] HikariPool-1 - Added connection com.mysql.cj.jdbc.ConnectionImpl@dc05bc8
2025-04-27 15:44:34,007 INFO c.z.h.HikariDataSource [restartedMain] [-] HikariPool-1 - Start completed.
2025-04-27 15:44:34,136 WARN o.h.orm.deprecation [restartedMain] [-] HHH90000025: MySQL8Dialect does not need to be specified explicitly using 'hibernate.dialect' (remove the property setting and it will be selected by default)
2025-04-27 15:44:34,138 WARN o.h.orm.deprecation [restartedMain] [-] HHH90000026: MySQL8Dialect has been deprecated; use org.hibernate.dialect.MySQLDialect instead
2025-04-27 15:44:36,246 WARN o.s.b.a.o.j.JpaBaseConfiguration$JpaWebConfiguration [restartedMain] [-] spring.jpa.open-in-view is enabled by default. Therefore, database queries may be performed during view rendering. Explicitly configure spring.jpa.open-in-view to disable this warning
2025-04-27 15:44:37,002 INFO o.a.c.h.Http11NioProtocol [restartedMain] [-] Starting ProtocolHandler ["http-nio-8080"]
2025-04-27 15:44:37,063 INFO o.y.b.a.a.BackendApiApplication [restartedMain] [-] Started BackendApiApplication in 11.316 seconds (process running for 12.866)
2025-04-27 15:45:15,518 INFO o.y.b.a.a.i.c.ClienteControllers [http-nio-8080-exec-1] [-] Buscando clientes con paginable
2025-04-27 15:45:15,707 DEBUG org.hibernate.SQL [http-nio-8080-exec-1] [-] select ce1_0.id,ce1_0.apellidos,ce1_0.create_at,ce1_0.email,ce1_0.nombre from clientes ce1_0 limit ?,?
2025-04-27 15:45:15,782 DEBUG org.hibernate.SQL [http-nio-8080-exec-1] [-] select count(ce1_0.id) from clientes ce1_0
2025-04-27 15:45:15,887 WARN o.s.d.w.c.SpringDataJacksonConfiguration$PageModule$WarningLoggingModifier [http-nio-8080-exec-1] [-] Serializing PageImpl instances as-is is not supported, meaning that there is no guarantee about the stability of the resulting JSON structure!
	For a stable JSON structure, please use Spring Data's PagedModel (globally via @EnableSpringDataWebSupport(pageSerializationMode = VIA_DTO))
	or Spring HATEOAS and Spring Data's PagedResourcesAssembler as documented in https://docs.spring.io/spring-data/commons/reference/repositories/core-extensions.html#core.web.pageables.

2025-04-27 15:51:08,167 INFO o.y.b.a.a.i.c.ClienteControllers [http-nio-8080-exec-4] [-] Buscando clientes con paginable
2025-04-27 15:51:08,171 DEBUG org.hibernate.SQL [http-nio-8080-exec-4] [-] select ce1_0.id,ce1_0.apellidos,ce1_0.create_at,ce1_0.email,ce1_0.nombre from clientes ce1_0 limit ?,?
2025-04-27 15:51:15,211 INFO o.y.b.a.a.i.c.ClienteControllers [http-nio-8080-exec-5] [-] Buscando clientes con paginable
2025-04-27 15:51:15,214 DEBUG org.hibernate.SQL [http-nio-8080-exec-5] [-] select ce1_0.id,ce1_0.apellidos,ce1_0.create_at,ce1_0.email,ce1_0.nombre from clientes ce1_0 limit ?,?
2025-04-27 15:51:15,221 DEBUG org.hibernate.SQL [http-nio-8080-exec-5] [-] select count(ce1_0.id) from clientes ce1_0
2025-04-27 15:52:18,189 DEBUG org.hibernate.SQL [http-nio-8080-exec-7] [-] select ce1_0.id,ce1_0.apellidos,ce1_0.create_at,ce1_0.email,ce1_0.nombre from clientes ce1_0
2025-04-27 15:52:42,094 INFO o.y.b.a.a.i.c.ClienteControllers [http-nio-8080-exec-9] [-] Buscando clientes con paginable
2025-04-27 15:52:42,099 DEBUG org.hibernate.SQL [http-nio-8080-exec-9] [-] select ce1_0.id,ce1_0.apellidos,ce1_0.create_at,ce1_0.email,ce1_0.nombre from clientes ce1_0 limit ?,?
2025-04-27 15:52:42,106 DEBUG org.hibernate.SQL [http-nio-8080-exec-9] [-] select count(ce1_0.id) from clientes ce1_0
2025-04-27 15:52:55,075 INFO o.y.b.a.a.i.c.ClienteControllers [http-nio-8080-exec-10] [-] Buscando clientes con paginable
2025-04-27 15:52:55,078 DEBUG org.hibernate.SQL [http-nio-8080-exec-10] [-] select ce1_0.id,ce1_0.apellidos,ce1_0.create_at,ce1_0.email,ce1_0.nombre from clientes ce1_0 limit ?,?
2025-04-27 15:52:55,085 DEBUG org.hibernate.SQL [http-nio-8080-exec-10] [-] select count(ce1_0.id) from clientes ce1_0
2025-04-27 15:53:12,332 INFO o.y.b.a.a.i.c.ClienteControllers [http-nio-8080-exec-1] [-] Buscando clientes con paginable
2025-04-27 15:53:12,339 DEBUG org.hibernate.SQL [http-nio-8080-exec-1] [-] select ce1_0.id,ce1_0.apellidos,ce1_0.create_at,ce1_0.email,ce1_0.nombre from clientes ce1_0 limit ?,?
2025-04-27 15:53:12,347 DEBUG org.hibernate.SQL [http-nio-8080-exec-1] [-] select count(ce1_0.id) from clientes ce1_0
2025-04-27 15:53:17,205 INFO o.y.b.a.a.i.c.ClienteControllers [http-nio-8080-exec-2] [-] Buscando clientes con paginable
2025-04-27 15:53:17,214 DEBUG org.hibernate.SQL [http-nio-8080-exec-2] [-] select ce1_0.id,ce1_0.apellidos,ce1_0.create_at,ce1_0.email,ce1_0.nombre from clientes ce1_0 limit ?,?
2025-04-27 15:53:17,220 DEBUG org.hibernate.SQL [http-nio-8080-exec-2] [-] select count(ce1_0.id) from clientes ce1_0
2025-04-27 15:53:20,218 INFO o.y.b.a.a.i.c.ClienteControllers [http-nio-8080-exec-3] [-] Buscando clientes con paginable
2025-04-27 15:53:20,225 DEBUG org.hibernate.SQL [http-nio-8080-exec-3] [-] select ce1_0.id,ce1_0.apellidos,ce1_0.create_at,ce1_0.email,ce1_0.nombre from clientes ce1_0 limit ?,?
2025-04-27 15:53:20,235 DEBUG org.hibernate.SQL [http-nio-8080-exec-3] [-] select count(ce1_0.id) from clientes ce1_0
2025-04-27 15:53:23,791 INFO o.y.b.a.a.i.c.ClienteControllers [http-nio-8080-exec-4] [-] Buscando clientes con paginable
2025-04-27 15:53:23,798 DEBUG org.hibernate.SQL [http-nio-8080-exec-4] [-] select ce1_0.id,ce1_0.apellidos,ce1_0.create_at,ce1_0.email,ce1_0.nombre from clientes ce1_0 limit ?,?
2025-04-27 15:56:12,894 DEBUG org.hibernate.SQL [http-nio-8080-exec-8] [-] select ce1_0.id,ce1_0.apellidos,ce1_0.create_at,ce1_0.email,ce1_0.nombre from clientes ce1_0
2025-04-27 16:01:53,574 DEBUG org.hibernate.SQL [http-nio-8080-exec-9] [-] select ce1_0.id,ce1_0.apellidos,ce1_0.create_at,ce1_0.email,ce1_0.nombre from clientes ce1_0
2025-04-27 16:02:01,642 INFO o.y.b.a.a.i.c.ClienteControllers [http-nio-8080-exec-10] [-] Buscando clientes con paginable
2025-04-27 16:02:01,646 DEBUG org.hibernate.SQL [http-nio-8080-exec-10] [-] select ce1_0.id,ce1_0.apellidos,ce1_0.create_at,ce1_0.email,ce1_0.nombre from clientes ce1_0 limit ?,?
2025-04-27 16:02:01,651 DEBUG org.hibernate.SQL [http-nio-8080-exec-10] [-] select count(ce1_0.id) from clientes ce1_0
2025-04-27 16:14:48,566 INFO c.z.h.HikariDataSource [SpringApplicationShutdownHook] [-] HikariPool-1 - Shutdown initiated...
2025-04-27 16:14:48,570 INFO c.z.h.HikariDataSource [SpringApplicationShutdownHook] [-] HikariPool-1 - Shutdown completed.
