2025-04-17 17:25:39,585 INFO o.y.b.a.a.BackendApiApplication [restartedMain] [-] Starting BackendApiApplication using Java 20.0.1 with PID 21296 (C:\Users\Oscar\Desktop\backend-api\target\classes started by Oscar in C:\Users\Oscar\Desktop\backend-api)
2025-04-17 17:25:39,588 INFO o.y.b.a.a.BackendApiApplication [restartedMain] [-] No active profile set, falling back to 1 default profile: "default"
2025-04-17 17:25:41,918 INFO o.a.c.h.Http11NioProtocol [restartedMain] [-] Initializing ProtocolHandler ["http-nio-8080"]
2025-04-17 17:25:44,259 INFO c.z.h.HikariDataSource [restartedMain] [-] HikariPool-1 - Starting...
2025-04-17 17:25:44,505 INFO c.z.h.p.HikariPool [restartedMain] [-] HikariPool-1 - Added connection com.mysql.cj.jdbc.ConnectionImpl@5a52b11e
2025-04-17 17:25:44,509 INFO c.z.h.HikariDataSource [restartedMain] [-] HikariPool-1 - Start completed.
2025-04-17 17:25:44,566 WARN o.h.orm.deprecation [restartedMain] [-] HHH90000025: MySQL8Dialect does not need to be specified explicitly using 'hibernate.dialect' (remove the property setting and it will be selected by default)
2025-04-17 17:25:44,568 WARN o.h.orm.deprecation [restartedMain] [-] HHH90000026: MySQL8Dialect has been deprecated; use org.hibernate.dialect.MySQLDialect instead
2025-04-17 17:25:45,501 DEBUG org.hibernate.SQL [restartedMain] [-] create table clientes (id bigint not null auto_increment, apellido varchar(255), create_at date, email varchar(255), nombre varchar(255), primary key (id)) engine=InnoDB
2025-04-17 17:25:45,564 WARN o.s.b.w.s.c.AnnotationConfigServletWebServerApplicationContext [restartedMain] [-] Exception encountered during context initialization - cancelling refresh attempt: org.springframework.beans.factory.UnsatisfiedDependencyException: Error creating bean with name 'clienteControllers' defined in file [C:\Users\Oscar\Desktop\backend-api\target\classes\org\yalico\backend\apirest\app\infrastructure\controllers\ClienteControllers.class]: Unsatisfied dependency expressed through constructor parameter 0: Error creating bean with name 'clienteService' defined in class path resource [org/yalico/backend/apirest/app/infrastructure/config/ApplicationConfig.class]: Unsatisfied dependency expressed through method 'clienteService' parameter 0: Error creating bean with name 'repositoryPort' defined in class path resource [org/yalico/backend/apirest/app/infrastructure/config/ApplicationConfig.class]: Unsatisfied dependency expressed through method 'repositoryPort' parameter 0: No qualifying bean of type 'org.yalico.backend.apirest.app.infrastructure.repository.ClienteEntityAdapter' available: expected at least 1 bean which qualifies as autowire candidate. Dependency annotations: {}
2025-04-17 17:25:45,570 INFO c.z.h.HikariDataSource [restartedMain] [-] HikariPool-1 - Shutdown initiated...
2025-04-17 17:25:45,590 INFO c.z.h.HikariDataSource [restartedMain] [-] HikariPool-1 - Shutdown completed.
2025-04-17 17:25:45,639 ERROR o.s.b.d.LoggingFailureAnalysisReporter [restartedMain] [-] 

***************************
APPLICATION FAILED TO START
***************************

Description:

Parameter 0 of method repositoryPort in org.yalico.backend.apirest.app.infrastructure.config.ApplicationConfig required a bean of type 'org.yalico.backend.apirest.app.infrastructure.repository.ClienteEntityAdapter' that could not be found.


Action:

Consider defining a bean of type 'org.yalico.backend.apirest.app.infrastructure.repository.ClienteEntityAdapter' in your configuration.

2025-04-17 17:40:55,213 INFO o.y.b.a.a.BackendApiApplication [restartedMain] [-] Starting BackendApiApplication using Java 20.0.1 with PID 12272 (C:\Users\Oscar\Desktop\backend-api\target\classes started by Oscar in C:\Users\Oscar\Desktop\backend-api)
2025-04-17 17:40:55,227 INFO o.y.b.a.a.BackendApiApplication [restartedMain] [-] No active profile set, falling back to 1 default profile: "default"
2025-04-17 17:40:59,323 INFO o.a.c.h.Http11NioProtocol [restartedMain] [-] Initializing ProtocolHandler ["http-nio-8080"]
2025-04-17 17:41:01,528 INFO c.z.h.HikariDataSource [restartedMain] [-] HikariPool-1 - Starting...
2025-04-17 17:41:02,069 INFO c.z.h.p.HikariPool [restartedMain] [-] HikariPool-1 - Added connection com.mysql.cj.jdbc.ConnectionImpl@4da5b62a
2025-04-17 17:41:02,075 INFO c.z.h.HikariDataSource [restartedMain] [-] HikariPool-1 - Start completed.
2025-04-17 17:41:02,178 WARN o.h.orm.deprecation [restartedMain] [-] HHH90000025: MySQL8Dialect does not need to be specified explicitly using 'hibernate.dialect' (remove the property setting and it will be selected by default)
2025-04-17 17:41:02,181 WARN o.h.orm.deprecation [restartedMain] [-] HHH90000026: MySQL8Dialect has been deprecated; use org.hibernate.dialect.MySQLDialect instead
2025-04-17 17:41:04,034 WARN o.s.b.w.s.c.AnnotationConfigServletWebServerApplicationContext [restartedMain] [-] Exception encountered during context initialization - cancelling refresh attempt: org.springframework.beans.factory.UnsatisfiedDependencyException: Error creating bean with name 'clienteControllers' defined in file [C:\Users\Oscar\Desktop\backend-api\target\classes\org\yalico\backend\apirest\app\infrastructure\controllers\ClienteControllers.class]: Unsatisfied dependency expressed through constructor parameter 0: Error creating bean with name 'clienteService' defined in class path resource [org/yalico/backend/apirest/app/infrastructure/config/ApplicationConfig.class]: Unsatisfied dependency expressed through method 'clienteService' parameter 0: No qualifying bean of type 'org.yalico.backend.apirest.app.domain.ports.output.ClienteRepositoryPort' available: expected single matching bean but found 2: clienteEntityAdapter,repositoryPort
2025-04-17 17:41:04,041 INFO c.z.h.HikariDataSource [restartedMain] [-] HikariPool-1 - Shutdown initiated...
2025-04-17 17:41:04,056 INFO c.z.h.HikariDataSource [restartedMain] [-] HikariPool-1 - Shutdown completed.
2025-04-17 17:41:04,128 ERROR o.s.b.d.LoggingFailureAnalysisReporter [restartedMain] [-] 

***************************
APPLICATION FAILED TO START
***************************

Description:

Parameter 0 of method clienteService in org.yalico.backend.apirest.app.infrastructure.config.ApplicationConfig required a single bean, but 2 were found:
	- clienteEntityAdapter: defined in file [C:\Users\Oscar\Desktop\backend-api\target\classes\org\yalico\backend\apirest\app\infrastructure\repository\ClienteEntityAdapter.class]
	- repositoryPort: defined by method 'repositoryPort' in class path resource [org/yalico/backend/apirest/app/infrastructure/config/ApplicationConfig.class]

This may be due to missing parameter name information

Action:

Consider marking one of the beans as @Primary, updating the consumer to accept multiple beans, or using @Qualifier to identify the bean that should be consumed

Ensure that your compiler is configured to use the '-parameters' flag.
You may need to update both your build tool settings as well as your IDE.
(See https://github.com/spring-projects/spring-framework/wiki/Upgrading-to-Spring-Framework-6.x#parameter-name-retention)


2025-04-17 17:41:37,888 INFO o.y.b.a.a.BackendApiApplication [restartedMain] [-] Starting BackendApiApplication using Java 20.0.1 with PID 576 (C:\Users\Oscar\Desktop\backend-api\target\classes started by Oscar in C:\Users\Oscar\Desktop\backend-api)
2025-04-17 17:41:37,893 INFO o.y.b.a.a.BackendApiApplication [restartedMain] [-] No active profile set, falling back to 1 default profile: "default"
2025-04-17 17:41:42,686 INFO o.a.c.h.Http11NioProtocol [restartedMain] [-] Initializing ProtocolHandler ["http-nio-8080"]
2025-04-17 17:41:44,688 INFO c.z.h.HikariDataSource [restartedMain] [-] HikariPool-1 - Starting...
2025-04-17 17:41:45,128 INFO c.z.h.p.HikariPool [restartedMain] [-] HikariPool-1 - Added connection com.mysql.cj.jdbc.ConnectionImpl@52398cac
2025-04-17 17:41:45,132 INFO c.z.h.HikariDataSource [restartedMain] [-] HikariPool-1 - Start completed.
2025-04-17 17:41:45,220 WARN o.h.orm.deprecation [restartedMain] [-] HHH90000025: MySQL8Dialect does not need to be specified explicitly using 'hibernate.dialect' (remove the property setting and it will be selected by default)
2025-04-17 17:41:45,221 WARN o.h.orm.deprecation [restartedMain] [-] HHH90000026: MySQL8Dialect has been deprecated; use org.hibernate.dialect.MySQLDialect instead
2025-04-17 17:41:46,897 WARN o.s.b.w.s.c.AnnotationConfigServletWebServerApplicationContext [restartedMain] [-] Exception encountered during context initialization - cancelling refresh attempt: org.springframework.beans.factory.UnsatisfiedDependencyException: Error creating bean with name 'clienteControllers' defined in file [C:\Users\Oscar\Desktop\backend-api\target\classes\org\yalico\backend\apirest\app\infrastructure\controllers\ClienteControllers.class]: Unsatisfied dependency expressed through constructor parameter 0: Error creating bean with name 'clienteService' defined in class path resource [org/yalico/backend/apirest/app/infrastructure/config/ApplicationConfig.class]: Unsatisfied dependency expressed through method 'clienteService' parameter 0: No qualifying bean of type 'org.yalico.backend.apirest.app.domain.ports.output.ClienteRepositoryPort' available: expected single matching bean but found 2: clienteEntityAdapter,repositoryPort
2025-04-17 17:41:46,906 INFO c.z.h.HikariDataSource [restartedMain] [-] HikariPool-1 - Shutdown initiated...
2025-04-17 17:41:46,918 INFO c.z.h.HikariDataSource [restartedMain] [-] HikariPool-1 - Shutdown completed.
2025-04-17 17:41:46,992 ERROR o.s.b.d.LoggingFailureAnalysisReporter [restartedMain] [-] 

***************************
APPLICATION FAILED TO START
***************************

Description:

Parameter 0 of method clienteService in org.yalico.backend.apirest.app.infrastructure.config.ApplicationConfig required a single bean, but 2 were found:
	- clienteEntityAdapter: defined in file [C:\Users\Oscar\Desktop\backend-api\target\classes\org\yalico\backend\apirest\app\infrastructure\repository\ClienteEntityAdapter.class]
	- repositoryPort: defined by method 'repositoryPort' in class path resource [org/yalico/backend/apirest/app/infrastructure/config/ApplicationConfig.class]

This may be due to missing parameter name information

Action:

Consider marking one of the beans as @Primary, updating the consumer to accept multiple beans, or using @Qualifier to identify the bean that should be consumed

Ensure that your compiler is configured to use the '-parameters' flag.
You may need to update both your build tool settings as well as your IDE.
(See https://github.com/spring-projects/spring-framework/wiki/Upgrading-to-Spring-Framework-6.x#parameter-name-retention)


2025-04-17 17:45:10,484 INFO o.y.b.a.a.BackendApiApplication [restartedMain] [-] Starting BackendApiApplication using Java 20.0.1 with PID 22904 (C:\Users\Oscar\Desktop\backend-api\target\classes started by Oscar in C:\Users\Oscar\Desktop\backend-api)
2025-04-17 17:45:10,488 INFO o.y.b.a.a.BackendApiApplication [restartedMain] [-] No active profile set, falling back to 1 default profile: "default"
2025-04-17 17:45:12,655 INFO o.a.c.h.Http11NioProtocol [restartedMain] [-] Initializing ProtocolHandler ["http-nio-8080"]
2025-04-17 17:45:13,486 INFO c.z.h.HikariDataSource [restartedMain] [-] HikariPool-1 - Starting...
2025-04-17 17:45:13,732 INFO c.z.h.p.HikariPool [restartedMain] [-] HikariPool-1 - Added connection com.mysql.cj.jdbc.ConnectionImpl@93e774
2025-04-17 17:45:13,736 INFO c.z.h.HikariDataSource [restartedMain] [-] HikariPool-1 - Start completed.
2025-04-17 17:45:13,795 WARN o.h.orm.deprecation [restartedMain] [-] HHH90000025: MySQL8Dialect does not need to be specified explicitly using 'hibernate.dialect' (remove the property setting and it will be selected by default)
2025-04-17 17:45:13,796 WARN o.h.orm.deprecation [restartedMain] [-] HHH90000026: MySQL8Dialect has been deprecated; use org.hibernate.dialect.MySQLDialect instead
2025-04-17 17:45:15,229 WARN o.s.b.a.o.j.JpaBaseConfiguration$JpaWebConfiguration [restartedMain] [-] spring.jpa.open-in-view is enabled by default. Therefore, database queries may be performed during view rendering. Explicitly configure spring.jpa.open-in-view to disable this warning
2025-04-17 17:45:15,744 INFO o.a.c.h.Http11NioProtocol [restartedMain] [-] Starting ProtocolHandler ["http-nio-8080"]
2025-04-17 17:45:15,781 INFO o.y.b.a.a.BackendApiApplication [restartedMain] [-] Started BackendApiApplication in 6.107 seconds (process running for 6.746)
2025-04-17 17:45:30,606 INFO c.z.h.HikariDataSource [SpringApplicationShutdownHook] [-] HikariPool-1 - Shutdown initiated...
2025-04-17 17:45:30,617 INFO c.z.h.HikariDataSource [SpringApplicationShutdownHook] [-] HikariPool-1 - Shutdown completed.
2025-04-17 17:45:48,129 INFO o.y.b.a.a.BackendApiApplication [restartedMain] [-] Starting BackendApiApplication using Java 20.0.1 with PID 13120 (C:\Users\Oscar\Desktop\backend-api\target\classes started by Oscar in C:\Users\Oscar\Desktop\backend-api)
2025-04-17 17:45:48,131 INFO o.y.b.a.a.BackendApiApplication [restartedMain] [-] No active profile set, falling back to 1 default profile: "default"
2025-04-17 17:45:50,421 INFO o.a.c.h.Http11NioProtocol [restartedMain] [-] Initializing ProtocolHandler ["http-nio-8080"]
2025-04-17 17:45:51,261 INFO c.z.h.HikariDataSource [restartedMain] [-] HikariPool-1 - Starting...
2025-04-17 17:45:51,482 INFO c.z.h.p.HikariPool [restartedMain] [-] HikariPool-1 - Added connection com.mysql.cj.jdbc.ConnectionImpl@93e774
2025-04-17 17:45:51,484 INFO c.z.h.HikariDataSource [restartedMain] [-] HikariPool-1 - Start completed.
2025-04-17 17:45:51,545 WARN o.h.orm.deprecation [restartedMain] [-] HHH90000025: MySQL8Dialect does not need to be specified explicitly using 'hibernate.dialect' (remove the property setting and it will be selected by default)
2025-04-17 17:45:51,547 WARN o.h.orm.deprecation [restartedMain] [-] HHH90000026: MySQL8Dialect has been deprecated; use org.hibernate.dialect.MySQLDialect instead
2025-04-17 17:45:52,419 WARN o.s.b.w.s.c.AnnotationConfigServletWebServerApplicationContext [restartedMain] [-] Exception encountered during context initialization - cancelling refresh attempt: org.springframework.beans.factory.UnsatisfiedDependencyException: Error creating bean with name 'clienteControllers' defined in file [C:\Users\Oscar\Desktop\backend-api\target\classes\org\yalico\backend\apirest\app\infrastructure\controllers\ClienteControllers.class]: Unsatisfied dependency expressed through constructor parameter 0: Error creating bean with name 'clienteService' defined in class path resource [org/yalico/backend/apirest/app/infrastructure/config/ApplicationConfig.class]: Unsatisfied dependency expressed through method 'clienteService' parameter 0: No qualifying bean of type 'org.yalico.backend.apirest.app.domain.ports.output.ClienteRepositoryPort' available: expected single matching bean but found 2: clienteEntityAdapter,repositoryPort
2025-04-17 17:45:52,423 INFO c.z.h.HikariDataSource [restartedMain] [-] HikariPool-1 - Shutdown initiated...
2025-04-17 17:45:52,432 INFO c.z.h.HikariDataSource [restartedMain] [-] HikariPool-1 - Shutdown completed.
2025-04-17 17:45:52,477 ERROR o.s.b.d.LoggingFailureAnalysisReporter [restartedMain] [-] 

***************************
APPLICATION FAILED TO START
***************************

Description:

Parameter 0 of method clienteService in org.yalico.backend.apirest.app.infrastructure.config.ApplicationConfig required a single bean, but 2 were found:
	- clienteEntityAdapter: defined in file [C:\Users\Oscar\Desktop\backend-api\target\classes\org\yalico\backend\apirest\app\infrastructure\repository\ClienteEntityAdapter.class]
	- repositoryPort: defined by method 'repositoryPort' in class path resource [org/yalico/backend/apirest/app/infrastructure/config/ApplicationConfig.class]

This may be due to missing parameter name information

Action:

Consider marking one of the beans as @Primary, updating the consumer to accept multiple beans, or using @Qualifier to identify the bean that should be consumed

Ensure that your compiler is configured to use the '-parameters' flag.
You may need to update both your build tool settings as well as your IDE.
(See https://github.com/spring-projects/spring-framework/wiki/Upgrading-to-Spring-Framework-6.x#parameter-name-retention)


2025-04-17 17:51:32,060 INFO o.y.b.a.a.BackendApiApplication [restartedMain] [-] Starting BackendApiApplication using Java 20.0.1 with PID 20576 (C:\Users\Oscar\Desktop\backend-api\target\classes started by Oscar in C:\Users\Oscar\Desktop\backend-api)
2025-04-17 17:51:32,062 INFO o.y.b.a.a.BackendApiApplication [restartedMain] [-] No active profile set, falling back to 1 default profile: "default"
2025-04-17 17:51:35,422 INFO o.a.c.h.Http11NioProtocol [restartedMain] [-] Initializing ProtocolHandler ["http-nio-8080"]
2025-04-17 17:51:37,610 INFO c.z.h.HikariDataSource [restartedMain] [-] HikariPool-1 - Starting...
2025-04-17 17:51:37,807 INFO c.z.h.p.HikariPool [restartedMain] [-] HikariPool-1 - Added connection com.mysql.cj.jdbc.ConnectionImpl@29a3e00d
2025-04-17 17:51:37,809 INFO c.z.h.HikariDataSource [restartedMain] [-] HikariPool-1 - Start completed.
2025-04-17 17:51:37,863 WARN o.h.orm.deprecation [restartedMain] [-] HHH90000025: MySQL8Dialect does not need to be specified explicitly using 'hibernate.dialect' (remove the property setting and it will be selected by default)
2025-04-17 17:51:37,865 WARN o.h.orm.deprecation [restartedMain] [-] HHH90000026: MySQL8Dialect has been deprecated; use org.hibernate.dialect.MySQLDialect instead
2025-04-17 17:51:38,842 WARN o.s.b.w.s.c.AnnotationConfigServletWebServerApplicationContext [restartedMain] [-] Exception encountered during context initialization - cancelling refresh attempt: org.springframework.beans.factory.UnsatisfiedDependencyException: Error creating bean with name 'clienteControllers' defined in file [C:\Users\Oscar\Desktop\backend-api\target\classes\org\yalico\backend\apirest\app\infrastructure\controllers\ClienteControllers.class]: Unsatisfied dependency expressed through constructor parameter 0: Error creating bean with name 'clienteService' defined in class path resource [org/yalico/backend/apirest/app/infrastructure/config/ApplicationConfig.class]: Unsatisfied dependency expressed through method 'clienteService' parameter 0: No qualifying bean of type 'org.yalico.backend.apirest.app.domain.ports.output.ClienteRepositoryPort' available: expected single matching bean but found 2: clienteEntityAdapter,repositoryPort
2025-04-17 17:51:38,846 INFO c.z.h.HikariDataSource [restartedMain] [-] HikariPool-1 - Shutdown initiated...
2025-04-17 17:51:38,855 INFO c.z.h.HikariDataSource [restartedMain] [-] HikariPool-1 - Shutdown completed.
2025-04-17 17:51:38,903 ERROR o.s.b.d.LoggingFailureAnalysisReporter [restartedMain] [-] 

***************************
APPLICATION FAILED TO START
***************************

Description:

Parameter 0 of method clienteService in org.yalico.backend.apirest.app.infrastructure.config.ApplicationConfig required a single bean, but 2 were found:
	- clienteEntityAdapter: defined in file [C:\Users\Oscar\Desktop\backend-api\target\classes\org\yalico\backend\apirest\app\infrastructure\repository\ClienteEntityAdapter.class]
	- repositoryPort: defined by method 'repositoryPort' in class path resource [org/yalico/backend/apirest/app/infrastructure/config/ApplicationConfig.class]

This may be due to missing parameter name information

Action:

Consider marking one of the beans as @Primary, updating the consumer to accept multiple beans, or using @Qualifier to identify the bean that should be consumed

Ensure that your compiler is configured to use the '-parameters' flag.
You may need to update both your build tool settings as well as your IDE.
(See https://github.com/spring-projects/spring-framework/wiki/Upgrading-to-Spring-Framework-6.x#parameter-name-retention)


2025-04-17 17:53:09,139 INFO o.y.b.a.a.BackendApiApplication [restartedMain] [-] Starting BackendApiApplication using Java 20.0.1 with PID 6416 (C:\Users\Oscar\Desktop\backend-api\target\classes started by Oscar in C:\Users\Oscar\Desktop\backend-api)
2025-04-17 17:53:09,142 INFO o.y.b.a.a.BackendApiApplication [restartedMain] [-] No active profile set, falling back to 1 default profile: "default"
2025-04-17 17:53:11,211 INFO o.a.c.h.Http11NioProtocol [restartedMain] [-] Initializing ProtocolHandler ["http-nio-8080"]
2025-04-17 17:53:12,144 INFO c.z.h.HikariDataSource [restartedMain] [-] HikariPool-1 - Starting...
2025-04-17 17:53:12,363 INFO c.z.h.p.HikariPool [restartedMain] [-] HikariPool-1 - Added connection com.mysql.cj.jdbc.ConnectionImpl@8071bd4
2025-04-17 17:53:12,365 INFO c.z.h.HikariDataSource [restartedMain] [-] HikariPool-1 - Start completed.
2025-04-17 17:53:12,408 WARN o.h.orm.deprecation [restartedMain] [-] HHH90000025: MySQL8Dialect does not need to be specified explicitly using 'hibernate.dialect' (remove the property setting and it will be selected by default)
2025-04-17 17:53:12,410 WARN o.h.orm.deprecation [restartedMain] [-] HHH90000026: MySQL8Dialect has been deprecated; use org.hibernate.dialect.MySQLDialect instead
2025-04-17 17:53:13,824 WARN o.s.b.a.o.j.JpaBaseConfiguration$JpaWebConfiguration [restartedMain] [-] spring.jpa.open-in-view is enabled by default. Therefore, database queries may be performed during view rendering. Explicitly configure spring.jpa.open-in-view to disable this warning
2025-04-17 17:53:14,296 INFO o.a.c.h.Http11NioProtocol [restartedMain] [-] Starting ProtocolHandler ["http-nio-8080"]
2025-04-17 17:53:14,332 INFO o.y.b.a.a.BackendApiApplication [restartedMain] [-] Started BackendApiApplication in 6.021 seconds (process running for 6.861)
2025-04-17 17:55:31,377 INFO c.z.h.HikariDataSource [SpringApplicationShutdownHook] [-] HikariPool-1 - Shutdown initiated...
2025-04-17 17:55:31,386 INFO c.z.h.HikariDataSource [SpringApplicationShutdownHook] [-] HikariPool-1 - Shutdown completed.
2025-04-17 18:12:37,638 INFO o.y.b.a.a.BackendApiApplication [restartedMain] [-] Starting BackendApiApplication using Java 20.0.1 with PID 7748 (C:\Users\Oscar\Desktop\backend-api\target\classes started by Oscar in C:\Users\Oscar\Desktop\backend-api)
2025-04-17 18:12:37,641 INFO o.y.b.a.a.BackendApiApplication [restartedMain] [-] No active profile set, falling back to 1 default profile: "default"
2025-04-17 18:12:41,309 INFO o.a.c.h.Http11NioProtocol [restartedMain] [-] Initializing ProtocolHandler ["http-nio-8080"]
2025-04-17 18:12:42,179 INFO c.z.h.HikariDataSource [restartedMain] [-] HikariPool-1 - Starting...
2025-04-17 18:12:42,393 INFO c.z.h.p.HikariPool [restartedMain] [-] HikariPool-1 - Added connection com.mysql.cj.jdbc.ConnectionImpl@2007e5d8
2025-04-17 18:12:42,395 INFO c.z.h.HikariDataSource [restartedMain] [-] HikariPool-1 - Start completed.
2025-04-17 18:12:42,455 WARN o.h.orm.deprecation [restartedMain] [-] HHH90000025: MySQL8Dialect does not need to be specified explicitly using 'hibernate.dialect' (remove the property setting and it will be selected by default)
2025-04-17 18:12:42,456 WARN o.h.orm.deprecation [restartedMain] [-] HHH90000026: MySQL8Dialect has been deprecated; use org.hibernate.dialect.MySQLDialect instead
2025-04-17 18:12:43,962 WARN o.s.b.a.o.j.JpaBaseConfiguration$JpaWebConfiguration [restartedMain] [-] spring.jpa.open-in-view is enabled by default. Therefore, database queries may be performed during view rendering. Explicitly configure spring.jpa.open-in-view to disable this warning
2025-04-17 18:12:44,562 INFO o.a.c.h.Http11NioProtocol [restartedMain] [-] Starting ProtocolHandler ["http-nio-8080"]
2025-04-17 18:12:46,090 INFO o.y.b.a.a.BackendApiApplication [restartedMain] [-] Started BackendApiApplication in 9.411 seconds (process running for 11.278)
2025-04-17 18:12:51,160 INFO c.z.h.HikariDataSource [SpringApplicationShutdownHook] [-] HikariPool-1 - Shutdown initiated...
2025-04-17 18:12:51,168 INFO c.z.h.HikariDataSource [SpringApplicationShutdownHook] [-] HikariPool-1 - Shutdown completed.
2025-04-17 18:14:36,211 INFO o.y.b.a.a.BackendApiApplication [restartedMain] [-] Starting BackendApiApplication using Java 20.0.1 with PID 25248 (C:\Users\Oscar\Desktop\backend-api\target\classes started by Oscar in C:\Users\Oscar\Desktop\backend-api)
2025-04-17 18:14:36,213 INFO o.y.b.a.a.BackendApiApplication [restartedMain] [-] No active profile set, falling back to 1 default profile: "default"
2025-04-17 18:14:38,382 INFO o.a.c.h.Http11NioProtocol [restartedMain] [-] Initializing ProtocolHandler ["http-nio-8080"]
2025-04-17 18:14:39,148 INFO c.z.h.HikariDataSource [restartedMain] [-] HikariPool-1 - Starting...
2025-04-17 18:14:39,375 INFO c.z.h.p.HikariPool [restartedMain] [-] HikariPool-1 - Added connection com.mysql.cj.jdbc.ConnectionImpl@59da5171
2025-04-17 18:14:39,377 INFO c.z.h.HikariDataSource [restartedMain] [-] HikariPool-1 - Start completed.
2025-04-17 18:14:39,426 WARN o.h.orm.deprecation [restartedMain] [-] HHH90000025: MySQL8Dialect does not need to be specified explicitly using 'hibernate.dialect' (remove the property setting and it will be selected by default)
2025-04-17 18:14:39,427 WARN o.h.orm.deprecation [restartedMain] [-] HHH90000026: MySQL8Dialect has been deprecated; use org.hibernate.dialect.MySQLDialect instead
2025-04-17 18:14:40,311 DEBUG org.hibernate.SQL [restartedMain] [-] alter table clientes add column apellidos varchar(255)
2025-04-17 18:14:40,922 WARN o.s.b.a.o.j.JpaBaseConfiguration$JpaWebConfiguration [restartedMain] [-] spring.jpa.open-in-view is enabled by default. Therefore, database queries may be performed during view rendering. Explicitly configure spring.jpa.open-in-view to disable this warning
2025-04-17 18:14:41,494 INFO o.a.c.h.Http11NioProtocol [restartedMain] [-] Starting ProtocolHandler ["http-nio-8080"]
2025-04-17 18:14:41,535 INFO o.y.b.a.a.BackendApiApplication [restartedMain] [-] Started BackendApiApplication in 6.089 seconds (process running for 6.69)
2025-04-17 18:14:47,813 DEBUG org.hibernate.SQL [http-nio-8080-exec-1] [-] select ce1_0.id,ce1_0.apellidos,ce1_0.create_at,ce1_0.email,ce1_0.nombre from clientes ce1_0
2025-04-17 18:14:58,775 WARN o.s.w.s.m.m.a.ExceptionHandlerExceptionResolver [http-nio-8080-exec-3] [-] Failure in @ExceptionHandler org.yalico.backend.apirest.app.infrastructure.controllers.GlobalControllerAdvice#handleErrorResponse(MethodArgumentNotValidException)
org.springframework.web.HttpMediaTypeNotAcceptableException: No acceptable representation
	at org.springframework.web.servlet.mvc.method.annotation.AbstractMessageConverterMethodProcessor.writeWithMessageConverters(AbstractMessageConverterMethodProcessor.java:368)
	at org.springframework.web.servlet.mvc.method.annotation.RequestResponseBodyMethodProcessor.handleReturnValue(RequestResponseBodyMethodProcessor.java:208)
	at org.springframework.web.method.support.HandlerMethodReturnValueHandlerComposite.handleReturnValue(HandlerMethodReturnValueHandlerComposite.java:78)
	at org.springframework.web.servlet.mvc.method.annotation.ServletInvocableHandlerMethod.invokeAndHandle(ServletInvocableHandlerMethod.java:136)
	at org.springframework.web.servlet.mvc.method.annotation.ExceptionHandlerExceptionResolver.doResolveHandlerMethodException(ExceptionHandlerExceptionResolver.java:471)
	at org.springframework.web.servlet.handler.AbstractHandlerMethodExceptionResolver.doResolveException(AbstractHandlerMethodExceptionResolver.java:73)
	at org.springframework.web.servlet.handler.AbstractHandlerExceptionResolver.resolveException(AbstractHandlerExceptionResolver.java:182)
	at org.springframework.web.servlet.handler.HandlerExceptionResolverComposite.resolveException(HandlerExceptionResolverComposite.java:80)
	at org.springframework.web.servlet.DispatcherServlet.processHandlerException(DispatcherServlet.java:1359)
	at org.springframework.web.servlet.DispatcherServlet.processDispatchResult(DispatcherServlet.java:1161)
	at org.springframework.web.servlet.DispatcherServlet.doDispatch(DispatcherServlet.java:1106)
	at org.springframework.web.servlet.DispatcherServlet.doService(DispatcherServlet.java:979)
	at org.springframework.web.servlet.FrameworkServlet.processRequest(FrameworkServlet.java:1014)
	at org.springframework.web.servlet.FrameworkServlet.doPost(FrameworkServlet.java:914)
	at jakarta.servlet.http.HttpServlet.service(HttpServlet.java:590)
	at org.springframework.web.servlet.FrameworkServlet.service(FrameworkServlet.java:885)
	at jakarta.servlet.http.HttpServlet.service(HttpServlet.java:658)
	at org.apache.catalina.core.ApplicationFilterChain.internalDoFilter(ApplicationFilterChain.java:195)
	at org.apache.catalina.core.ApplicationFilterChain.doFilter(ApplicationFilterChain.java:140)
	at org.apache.tomcat.websocket.server.WsFilter.doFilter(WsFilter.java:51)
	at org.apache.catalina.core.ApplicationFilterChain.internalDoFilter(ApplicationFilterChain.java:164)
	at org.apache.catalina.core.ApplicationFilterChain.doFilter(ApplicationFilterChain.java:140)
	at org.springframework.web.filter.RequestContextFilter.doFilterInternal(RequestContextFilter.java:100)
	at org.springframework.web.filter.OncePerRequestFilter.doFilter(OncePerRequestFilter.java:116)
	at org.apache.catalina.core.ApplicationFilterChain.internalDoFilter(ApplicationFilterChain.java:164)
	at org.apache.catalina.core.ApplicationFilterChain.doFilter(ApplicationFilterChain.java:140)
	at org.springframework.web.filter.FormContentFilter.doFilterInternal(FormContentFilter.java:93)
	at org.springframework.web.filter.OncePerRequestFilter.doFilter(OncePerRequestFilter.java:116)
	at org.apache.catalina.core.ApplicationFilterChain.internalDoFilter(ApplicationFilterChain.java:164)
	at org.apache.catalina.core.ApplicationFilterChain.doFilter(ApplicationFilterChain.java:140)
	at org.springframework.web.filter.CharacterEncodingFilter.doFilterInternal(CharacterEncodingFilter.java:201)
	at org.springframework.web.filter.OncePerRequestFilter.doFilter(OncePerRequestFilter.java:116)
	at org.apache.catalina.core.ApplicationFilterChain.internalDoFilter(ApplicationFilterChain.java:164)
	at org.apache.catalina.core.ApplicationFilterChain.doFilter(ApplicationFilterChain.java:140)
	at org.apache.catalina.core.StandardWrapperValve.invoke(StandardWrapperValve.java:167)
	at org.apache.catalina.core.StandardContextValve.invoke(StandardContextValve.java:90)
	at org.apache.catalina.authenticator.AuthenticatorBase.invoke(AuthenticatorBase.java:483)
	at org.apache.catalina.core.StandardHostValve.invoke(StandardHostValve.java:115)
	at org.apache.catalina.valves.ErrorReportValve.invoke(ErrorReportValve.java:93)
	at org.apache.catalina.core.StandardEngineValve.invoke(StandardEngineValve.java:74)
	at org.apache.catalina.connector.CoyoteAdapter.service(CoyoteAdapter.java:344)
	at org.apache.coyote.http11.Http11Processor.service(Http11Processor.java:397)
	at org.apache.coyote.AbstractProcessorLight.process(AbstractProcessorLight.java:63)
	at org.apache.coyote.AbstractProtocol$ConnectionHandler.process(AbstractProtocol.java:905)
	at org.apache.tomcat.util.net.NioEndpoint$SocketProcessor.doRun(NioEndpoint.java:1743)
	at org.apache.tomcat.util.net.SocketProcessorBase.run(SocketProcessorBase.java:52)
	at org.apache.tomcat.util.threads.ThreadPoolExecutor.runWorker(ThreadPoolExecutor.java:1190)
	at org.apache.tomcat.util.threads.ThreadPoolExecutor$Worker.run(ThreadPoolExecutor.java:659)
	at org.apache.tomcat.util.threads.TaskThread$WrappingRunnable.run(TaskThread.java:63)
	at java.base/java.lang.Thread.run(Thread.java:1623)
2025-04-17 18:14:58,780 WARN o.s.w.s.m.s.DefaultHandlerExceptionResolver [http-nio-8080-exec-3] [-] Resolved [org.springframework.web.bind.MethodArgumentNotValidException: Validation failed for argument [0] in public org.springframework.http.ResponseEntity<org.yalico.backend.apirest.app.domain.models.Cliente> org.yalico.backend.apirest.app.infrastructure.controllers.ClienteControllers.crearCliente(org.yalico.backend.apirest.app.infrastructure.dto.request.ClienteDTORequest) with 3 errors: [Field error in object 'clienteDTORequest' on field 'apellidos': rejected value [null]; codes [NotBlank.clienteDTORequest.apellidos,NotBlank.apellidos,NotBlank.java.lang.String,NotBlank]; arguments [org.springframework.context.support.DefaultMessageSourceResolvable: codes [clienteDTORequest.apellidos,apellidos]; arguments []; default message [apellidos]]; default message [no debe estar vacío]] [Field error in object 'clienteDTORequest' on field 'nombre': rejected value [null]; codes [NotBlank.clienteDTORequest.nombre,NotBlank.nombre,NotBlank.java.lang.String,NotBlank]; arguments [org.springframework.context.support.DefaultMessageSourceResolvable: codes [clienteDTORequest.nombre,nombre]; arguments []; default message [nombre]]; default message [no debe estar vacío]] [Field error in object 'clienteDTORequest' on field 'email': rejected value [null]; codes [NotBlank.clienteDTORequest.email,NotBlank.email,NotBlank.java.lang.String,NotBlank]; arguments [org.springframework.context.support.DefaultMessageSourceResolvable: codes [clienteDTORequest.email,email]; arguments []; default message [email]]; default message [no debe estar vacío]] ]
2025-04-17 18:17:44,222 INFO c.z.h.HikariDataSource [SpringApplicationShutdownHook] [-] HikariPool-1 - Shutdown initiated...
2025-04-17 18:17:44,230 INFO c.z.h.HikariDataSource [SpringApplicationShutdownHook] [-] HikariPool-1 - Shutdown completed.
2025-04-17 18:17:50,607 INFO o.y.b.a.a.BackendApiApplication [restartedMain] [-] Starting BackendApiApplication using Java 20.0.1 with PID 6660 (C:\Users\Oscar\Desktop\backend-api\target\classes started by Oscar in C:\Users\Oscar\Desktop\backend-api)
2025-04-17 18:17:50,609 INFO o.y.b.a.a.BackendApiApplication [restartedMain] [-] No active profile set, falling back to 1 default profile: "default"
2025-04-17 18:17:54,119 INFO o.a.c.h.Http11NioProtocol [restartedMain] [-] Initializing ProtocolHandler ["http-nio-8080"]
2025-04-17 18:17:54,904 INFO c.z.h.HikariDataSource [restartedMain] [-] HikariPool-1 - Starting...
2025-04-17 18:17:55,123 INFO c.z.h.p.HikariPool [restartedMain] [-] HikariPool-1 - Added connection com.mysql.cj.jdbc.ConnectionImpl@23ce96c9
2025-04-17 18:17:55,126 INFO c.z.h.HikariDataSource [restartedMain] [-] HikariPool-1 - Start completed.
2025-04-17 18:17:55,183 WARN o.h.orm.deprecation [restartedMain] [-] HHH90000025: MySQL8Dialect does not need to be specified explicitly using 'hibernate.dialect' (remove the property setting and it will be selected by default)
2025-04-17 18:17:55,185 WARN o.h.orm.deprecation [restartedMain] [-] HHH90000026: MySQL8Dialect has been deprecated; use org.hibernate.dialect.MySQLDialect instead
2025-04-17 18:17:56,563 WARN o.s.b.a.o.j.JpaBaseConfiguration$JpaWebConfiguration [restartedMain] [-] spring.jpa.open-in-view is enabled by default. Therefore, database queries may be performed during view rendering. Explicitly configure spring.jpa.open-in-view to disable this warning
2025-04-17 18:17:57,047 INFO o.a.c.h.Http11NioProtocol [restartedMain] [-] Starting ProtocolHandler ["http-nio-8080"]
2025-04-17 18:17:57,083 INFO o.y.b.a.a.BackendApiApplication [restartedMain] [-] Started BackendApiApplication in 7.232 seconds (process running for 7.784)
2025-04-17 18:18:07,644 INFO o.y.b.a.a.i.c.ClienteControllers [http-nio-8080-exec-1] [-] Creando cliente: ClienteDTORequest[nombre=oscar, apellidos=yalico espinoza, email=jeanpiero_23_01@hotmail.com]
2025-04-17 18:18:07,782 DEBUG org.hibernate.SQL [http-nio-8080-exec-1] [-] select ce1_0.id from clientes ce1_0 where ce1_0.email=? limit ?
2025-04-17 18:18:07,832 DEBUG org.hibernate.SQL [http-nio-8080-exec-1] [-] insert into clientes (apellidos,create_at,email,nombre) values (?,?,?,?)
2025-04-17 18:26:52,251 DEBUG org.hibernate.SQL [http-nio-8080-exec-5] [-] select ce1_0.id,ce1_0.apellidos,ce1_0.create_at,ce1_0.email,ce1_0.nombre from clientes ce1_0
2025-04-17 18:27:00,431 INFO o.y.b.a.a.i.c.ClienteControllers [http-nio-8080-exec-6] [-] Creando cliente: ClienteDTORequest[nombre=oscar, apellidos=yalico espinoza, email=jeanpiero_23_01@hotmail.com]
2025-04-17 18:27:00,433 DEBUG org.hibernate.SQL [http-nio-8080-exec-6] [-] select ce1_0.id from clientes ce1_0 where ce1_0.email=? limit ?
2025-04-17 18:27:00,454 WARN o.s.w.s.m.m.a.ExceptionHandlerExceptionResolver [http-nio-8080-exec-6] [-] Failure in @ExceptionHandler org.yalico.backend.apirest.app.infrastructure.controllers.GlobalControllerAdvice#handleClienteExiste(ClienteYaExistente)
org.springframework.web.HttpMediaTypeNotAcceptableException: No acceptable representation
	at org.springframework.web.servlet.mvc.method.annotation.AbstractMessageConverterMethodProcessor.writeWithMessageConverters(AbstractMessageConverterMethodProcessor.java:368)
	at org.springframework.web.servlet.mvc.method.annotation.RequestResponseBodyMethodProcessor.handleReturnValue(RequestResponseBodyMethodProcessor.java:208)
	at org.springframework.web.method.support.HandlerMethodReturnValueHandlerComposite.handleReturnValue(HandlerMethodReturnValueHandlerComposite.java:78)
	at org.springframework.web.servlet.mvc.method.annotation.ServletInvocableHandlerMethod.invokeAndHandle(ServletInvocableHandlerMethod.java:136)
	at org.springframework.web.servlet.mvc.method.annotation.ExceptionHandlerExceptionResolver.doResolveHandlerMethodException(ExceptionHandlerExceptionResolver.java:471)
	at org.springframework.web.servlet.handler.AbstractHandlerMethodExceptionResolver.doResolveException(AbstractHandlerMethodExceptionResolver.java:73)
	at org.springframework.web.servlet.handler.AbstractHandlerExceptionResolver.resolveException(AbstractHandlerExceptionResolver.java:182)
	at org.springframework.web.servlet.handler.HandlerExceptionResolverComposite.resolveException(HandlerExceptionResolverComposite.java:80)
	at org.springframework.web.servlet.DispatcherServlet.processHandlerException(DispatcherServlet.java:1359)
	at org.springframework.web.servlet.DispatcherServlet.processDispatchResult(DispatcherServlet.java:1161)
	at org.springframework.web.servlet.DispatcherServlet.doDispatch(DispatcherServlet.java:1106)
	at org.springframework.web.servlet.DispatcherServlet.doService(DispatcherServlet.java:979)
	at org.springframework.web.servlet.FrameworkServlet.processRequest(FrameworkServlet.java:1014)
	at org.springframework.web.servlet.FrameworkServlet.doPost(FrameworkServlet.java:914)
	at jakarta.servlet.http.HttpServlet.service(HttpServlet.java:590)
	at org.springframework.web.servlet.FrameworkServlet.service(FrameworkServlet.java:885)
	at jakarta.servlet.http.HttpServlet.service(HttpServlet.java:658)
	at org.apache.catalina.core.ApplicationFilterChain.internalDoFilter(ApplicationFilterChain.java:195)
	at org.apache.catalina.core.ApplicationFilterChain.doFilter(ApplicationFilterChain.java:140)
	at org.apache.tomcat.websocket.server.WsFilter.doFilter(WsFilter.java:51)
	at org.apache.catalina.core.ApplicationFilterChain.internalDoFilter(ApplicationFilterChain.java:164)
	at org.apache.catalina.core.ApplicationFilterChain.doFilter(ApplicationFilterChain.java:140)
	at org.springframework.web.filter.RequestContextFilter.doFilterInternal(RequestContextFilter.java:100)
	at org.springframework.web.filter.OncePerRequestFilter.doFilter(OncePerRequestFilter.java:116)
	at org.apache.catalina.core.ApplicationFilterChain.internalDoFilter(ApplicationFilterChain.java:164)
	at org.apache.catalina.core.ApplicationFilterChain.doFilter(ApplicationFilterChain.java:140)
	at org.springframework.web.filter.FormContentFilter.doFilterInternal(FormContentFilter.java:93)
	at org.springframework.web.filter.OncePerRequestFilter.doFilter(OncePerRequestFilter.java:116)
	at org.apache.catalina.core.ApplicationFilterChain.internalDoFilter(ApplicationFilterChain.java:164)
	at org.apache.catalina.core.ApplicationFilterChain.doFilter(ApplicationFilterChain.java:140)
	at org.springframework.web.filter.CharacterEncodingFilter.doFilterInternal(CharacterEncodingFilter.java:201)
	at org.springframework.web.filter.OncePerRequestFilter.doFilter(OncePerRequestFilter.java:116)
	at org.apache.catalina.core.ApplicationFilterChain.internalDoFilter(ApplicationFilterChain.java:164)
	at org.apache.catalina.core.ApplicationFilterChain.doFilter(ApplicationFilterChain.java:140)
	at org.apache.catalina.core.StandardWrapperValve.invoke(StandardWrapperValve.java:167)
	at org.apache.catalina.core.StandardContextValve.invoke(StandardContextValve.java:90)
	at org.apache.catalina.authenticator.AuthenticatorBase.invoke(AuthenticatorBase.java:483)
	at org.apache.catalina.core.StandardHostValve.invoke(StandardHostValve.java:115)
	at org.apache.catalina.valves.ErrorReportValve.invoke(ErrorReportValve.java:93)
	at org.apache.catalina.core.StandardEngineValve.invoke(StandardEngineValve.java:74)
	at org.apache.catalina.connector.CoyoteAdapter.service(CoyoteAdapter.java:344)
	at org.apache.coyote.http11.Http11Processor.service(Http11Processor.java:397)
	at org.apache.coyote.AbstractProcessorLight.process(AbstractProcessorLight.java:63)
	at org.apache.coyote.AbstractProtocol$ConnectionHandler.process(AbstractProtocol.java:905)
	at org.apache.tomcat.util.net.NioEndpoint$SocketProcessor.doRun(NioEndpoint.java:1743)
	at org.apache.tomcat.util.net.SocketProcessorBase.run(SocketProcessorBase.java:52)
	at org.apache.tomcat.util.threads.ThreadPoolExecutor.runWorker(ThreadPoolExecutor.java:1190)
	at org.apache.tomcat.util.threads.ThreadPoolExecutor$Worker.run(ThreadPoolExecutor.java:659)
	at org.apache.tomcat.util.threads.TaskThread$WrappingRunnable.run(TaskThread.java:63)
	at java.base/java.lang.Thread.run(Thread.java:1623)
2025-04-17 18:27:00,460 ERROR o.a.c.c.C.[.[.[.[dispatcherServlet] [http-nio-8080-exec-6] [-] Servlet.service() for servlet [dispatcherServlet] in context with path [] threw exception [Request processing failed: org.yalico.backend.apirest.app.domain.exception.ClienteYaExistente: Ya existe un cliente registrado con el email: jeanpiero_23_01@hotmail.com] with root cause
org.yalico.backend.apirest.app.domain.exception.ClienteYaExistente: Ya existe un cliente registrado con el email: jeanpiero_23_01@hotmail.com
	at org.yalico.backend.apirest.app.application.usecases.CrearClienteUseCaseImpl.crearCliente(CrearClienteUseCaseImpl.java:21)
	at org.yalico.backend.apirest.app.application.services.ClienteService.crearCliente(ClienteService.java:45)
	at java.base/jdk.internal.reflect.DirectMethodHandleAccessor.invoke(DirectMethodHandleAccessor.java:104)
	at java.base/java.lang.reflect.Method.invoke(Method.java:578)
	at org.springframework.aop.support.AopUtils.invokeJoinpointUsingReflection(AopUtils.java:359)
	at org.springframework.aop.framework.ReflectiveMethodInvocation.invokeJoinpoint(ReflectiveMethodInvocation.java:196)
	at org.springframework.aop.framework.ReflectiveMethodInvocation.proceed(ReflectiveMethodInvocation.java:163)
	at org.springframework.transaction.interceptor.TransactionAspectSupport.invokeWithinTransaction(TransactionAspectSupport.java:380)
	at org.springframework.transaction.interceptor.TransactionInterceptor.invoke(TransactionInterceptor.java:119)
	at org.springframework.aop.framework.ReflectiveMethodInvocation.proceed(ReflectiveMethodInvocation.java:184)
	at org.springframework.aop.framework.CglibAopProxy$DynamicAdvisedInterceptor.intercept(CglibAopProxy.java:727)
	at org.yalico.backend.apirest.app.application.services.ClienteService$$SpringCGLIB$$0.crearCliente(<generated>)
	at org.yalico.backend.apirest.app.infrastructure.controllers.ClienteControllers.crearCliente(ClienteControllers.java:33)
	at java.base/jdk.internal.reflect.DirectMethodHandleAccessor.invoke(DirectMethodHandleAccessor.java:104)
	at java.base/java.lang.reflect.Method.invoke(Method.java:578)
	at org.springframework.web.method.support.InvocableHandlerMethod.doInvoke(InvocableHandlerMethod.java:258)
	at org.springframework.web.method.support.InvocableHandlerMethod.invokeForRequest(InvocableHandlerMethod.java:191)
	at org.springframework.web.servlet.mvc.method.annotation.ServletInvocableHandlerMethod.invokeAndHandle(ServletInvocableHandlerMethod.java:118)
	at org.springframework.web.servlet.mvc.method.annotation.RequestMappingHandlerAdapter.invokeHandlerMethod(RequestMappingHandlerAdapter.java:986)
	at org.springframework.web.servlet.mvc.method.annotation.RequestMappingHandlerAdapter.handleInternal(RequestMappingHandlerAdapter.java:891)
	at org.springframework.web.servlet.mvc.method.AbstractHandlerMethodAdapter.handle(AbstractHandlerMethodAdapter.java:87)
	at org.springframework.web.servlet.DispatcherServlet.doDispatch(DispatcherServlet.java:1089)
	at org.springframework.web.servlet.DispatcherServlet.doService(DispatcherServlet.java:979)
	at org.springframework.web.servlet.FrameworkServlet.processRequest(FrameworkServlet.java:1014)
	at org.springframework.web.servlet.FrameworkServlet.doPost(FrameworkServlet.java:914)
	at jakarta.servlet.http.HttpServlet.service(HttpServlet.java:590)
	at org.springframework.web.servlet.FrameworkServlet.service(FrameworkServlet.java:885)
	at jakarta.servlet.http.HttpServlet.service(HttpServlet.java:658)
	at org.apache.catalina.core.ApplicationFilterChain.internalDoFilter(ApplicationFilterChain.java:195)
	at org.apache.catalina.core.ApplicationFilterChain.doFilter(ApplicationFilterChain.java:140)
	at org.apache.tomcat.websocket.server.WsFilter.doFilter(WsFilter.java:51)
	at org.apache.catalina.core.ApplicationFilterChain.internalDoFilter(ApplicationFilterChain.java:164)
	at org.apache.catalina.core.ApplicationFilterChain.doFilter(ApplicationFilterChain.java:140)
	at org.springframework.web.filter.RequestContextFilter.doFilterInternal(RequestContextFilter.java:100)
	at org.springframework.web.filter.OncePerRequestFilter.doFilter(OncePerRequestFilter.java:116)
	at org.apache.catalina.core.ApplicationFilterChain.internalDoFilter(ApplicationFilterChain.java:164)
	at org.apache.catalina.core.ApplicationFilterChain.doFilter(ApplicationFilterChain.java:140)
	at org.springframework.web.filter.FormContentFilter.doFilterInternal(FormContentFilter.java:93)
	at org.springframework.web.filter.OncePerRequestFilter.doFilter(OncePerRequestFilter.java:116)
	at org.apache.catalina.core.ApplicationFilterChain.internalDoFilter(ApplicationFilterChain.java:164)
	at org.apache.catalina.core.ApplicationFilterChain.doFilter(ApplicationFilterChain.java:140)
	at org.springframework.web.filter.CharacterEncodingFilter.doFilterInternal(CharacterEncodingFilter.java:201)
	at org.springframework.web.filter.OncePerRequestFilter.doFilter(OncePerRequestFilter.java:116)
	at org.apache.catalina.core.ApplicationFilterChain.internalDoFilter(ApplicationFilterChain.java:164)
	at org.apache.catalina.core.ApplicationFilterChain.doFilter(ApplicationFilterChain.java:140)
	at org.apache.catalina.core.StandardWrapperValve.invoke(StandardWrapperValve.java:167)
	at org.apache.catalina.core.StandardContextValve.invoke(StandardContextValve.java:90)
	at org.apache.catalina.authenticator.AuthenticatorBase.invoke(AuthenticatorBase.java:483)
	at org.apache.catalina.core.StandardHostValve.invoke(StandardHostValve.java:115)
	at org.apache.catalina.valves.ErrorReportValve.invoke(ErrorReportValve.java:93)
	at org.apache.catalina.core.StandardEngineValve.invoke(StandardEngineValve.java:74)
	at org.apache.catalina.connector.CoyoteAdapter.service(CoyoteAdapter.java:344)
	at org.apache.coyote.http11.Http11Processor.service(Http11Processor.java:397)
	at org.apache.coyote.AbstractProcessorLight.process(AbstractProcessorLight.java:63)
	at org.apache.coyote.AbstractProtocol$ConnectionHandler.process(AbstractProtocol.java:905)
	at org.apache.tomcat.util.net.NioEndpoint$SocketProcessor.doRun(NioEndpoint.java:1743)
	at org.apache.tomcat.util.net.SocketProcessorBase.run(SocketProcessorBase.java:52)
	at org.apache.tomcat.util.threads.ThreadPoolExecutor.runWorker(ThreadPoolExecutor.java:1190)
	at org.apache.tomcat.util.threads.ThreadPoolExecutor$Worker.run(ThreadPoolExecutor.java:659)
	at org.apache.tomcat.util.threads.TaskThread$WrappingRunnable.run(TaskThread.java:63)
	at java.base/java.lang.Thread.run(Thread.java:1623)
2025-04-17 18:27:25,128 INFO c.z.h.HikariDataSource [SpringApplicationShutdownHook] [-] HikariPool-1 - Shutdown initiated...
2025-04-17 18:27:25,139 INFO c.z.h.HikariDataSource [SpringApplicationShutdownHook] [-] HikariPool-1 - Shutdown completed.
2025-04-17 18:30:21,492 INFO o.y.b.a.a.BackendApiApplication [restartedMain] [-] Starting BackendApiApplication using Java 20.0.1 with PID 15644 (C:\Users\Oscar\Desktop\backend-api\target\classes started by Oscar in C:\Users\Oscar\Desktop\backend-api)
2025-04-17 18:30:21,495 INFO o.y.b.a.a.BackendApiApplication [restartedMain] [-] No active profile set, falling back to 1 default profile: "default"
2025-04-17 18:30:23,799 INFO o.a.c.h.Http11NioProtocol [restartedMain] [-] Initializing ProtocolHandler ["http-nio-8080"]
2025-04-17 18:30:26,072 INFO c.z.h.HikariDataSource [restartedMain] [-] HikariPool-1 - Starting...
2025-04-17 18:30:26,424 INFO c.z.h.p.HikariPool [restartedMain] [-] HikariPool-1 - Added connection com.mysql.cj.jdbc.ConnectionImpl@281d0187
2025-04-17 18:30:26,427 INFO c.z.h.HikariDataSource [restartedMain] [-] HikariPool-1 - Start completed.
2025-04-17 18:30:26,477 WARN o.h.orm.deprecation [restartedMain] [-] HHH90000025: MySQL8Dialect does not need to be specified explicitly using 'hibernate.dialect' (remove the property setting and it will be selected by default)
2025-04-17 18:30:26,479 WARN o.h.orm.deprecation [restartedMain] [-] HHH90000026: MySQL8Dialect has been deprecated; use org.hibernate.dialect.MySQLDialect instead
2025-04-17 18:30:28,188 WARN o.s.b.a.o.j.JpaBaseConfiguration$JpaWebConfiguration [restartedMain] [-] spring.jpa.open-in-view is enabled by default. Therefore, database queries may be performed during view rendering. Explicitly configure spring.jpa.open-in-view to disable this warning
2025-04-17 18:30:29,079 INFO o.a.c.h.Http11NioProtocol [restartedMain] [-] Starting ProtocolHandler ["http-nio-8080"]
2025-04-17 18:30:29,155 INFO o.y.b.a.a.BackendApiApplication [restartedMain] [-] Started BackendApiApplication in 8.6 seconds (process running for 9.364)
2025-04-17 18:30:49,274 INFO o.y.b.a.a.i.c.ClienteControllers [http-nio-8080-exec-2] [-] Creando cliente: ClienteDTORequest[nombre=oscar, apellidos=yalico espinoza, email=jeanpiero_23_01@hotmail.com]
2025-04-17 18:30:49,445 DEBUG org.hibernate.SQL [http-nio-8080-exec-2] [-] select ce1_0.id from clientes ce1_0 where ce1_0.email=? limit ?
2025-04-17 18:30:49,495 WARN o.s.w.s.m.m.a.ExceptionHandlerExceptionResolver [http-nio-8080-exec-2] [-] Failure in @ExceptionHandler org.yalico.backend.apirest.app.infrastructure.controllers.GlobalControllerAdvice#handleClienteExiste(ClienteYaExistente)
org.springframework.web.HttpMediaTypeNotAcceptableException: No acceptable representation
	at org.springframework.web.servlet.mvc.method.annotation.AbstractMessageConverterMethodProcessor.writeWithMessageConverters(AbstractMessageConverterMethodProcessor.java:368)
	at org.springframework.web.servlet.mvc.method.annotation.RequestResponseBodyMethodProcessor.handleReturnValue(RequestResponseBodyMethodProcessor.java:208)
	at org.springframework.web.method.support.HandlerMethodReturnValueHandlerComposite.handleReturnValue(HandlerMethodReturnValueHandlerComposite.java:78)
	at org.springframework.web.servlet.mvc.method.annotation.ServletInvocableHandlerMethod.invokeAndHandle(ServletInvocableHandlerMethod.java:136)
	at org.springframework.web.servlet.mvc.method.annotation.ExceptionHandlerExceptionResolver.doResolveHandlerMethodException(ExceptionHandlerExceptionResolver.java:471)
	at org.springframework.web.servlet.handler.AbstractHandlerMethodExceptionResolver.doResolveException(AbstractHandlerMethodExceptionResolver.java:73)
	at org.springframework.web.servlet.handler.AbstractHandlerExceptionResolver.resolveException(AbstractHandlerExceptionResolver.java:182)
	at org.springframework.web.servlet.handler.HandlerExceptionResolverComposite.resolveException(HandlerExceptionResolverComposite.java:80)
	at org.springframework.web.servlet.DispatcherServlet.processHandlerException(DispatcherServlet.java:1359)
	at org.springframework.web.servlet.DispatcherServlet.processDispatchResult(DispatcherServlet.java:1161)
	at org.springframework.web.servlet.DispatcherServlet.doDispatch(DispatcherServlet.java:1106)
	at org.springframework.web.servlet.DispatcherServlet.doService(DispatcherServlet.java:979)
	at org.springframework.web.servlet.FrameworkServlet.processRequest(FrameworkServlet.java:1014)
	at org.springframework.web.servlet.FrameworkServlet.doPost(FrameworkServlet.java:914)
	at jakarta.servlet.http.HttpServlet.service(HttpServlet.java:590)
	at org.springframework.web.servlet.FrameworkServlet.service(FrameworkServlet.java:885)
	at jakarta.servlet.http.HttpServlet.service(HttpServlet.java:658)
	at org.apache.catalina.core.ApplicationFilterChain.internalDoFilter(ApplicationFilterChain.java:195)
	at org.apache.catalina.core.ApplicationFilterChain.doFilter(ApplicationFilterChain.java:140)
	at org.apache.tomcat.websocket.server.WsFilter.doFilter(WsFilter.java:51)
	at org.apache.catalina.core.ApplicationFilterChain.internalDoFilter(ApplicationFilterChain.java:164)
	at org.apache.catalina.core.ApplicationFilterChain.doFilter(ApplicationFilterChain.java:140)
	at org.springframework.web.filter.RequestContextFilter.doFilterInternal(RequestContextFilter.java:100)
	at org.springframework.web.filter.OncePerRequestFilter.doFilter(OncePerRequestFilter.java:116)
	at org.apache.catalina.core.ApplicationFilterChain.internalDoFilter(ApplicationFilterChain.java:164)
	at org.apache.catalina.core.ApplicationFilterChain.doFilter(ApplicationFilterChain.java:140)
	at org.springframework.web.filter.FormContentFilter.doFilterInternal(FormContentFilter.java:93)
	at org.springframework.web.filter.OncePerRequestFilter.doFilter(OncePerRequestFilter.java:116)
	at org.apache.catalina.core.ApplicationFilterChain.internalDoFilter(ApplicationFilterChain.java:164)
	at org.apache.catalina.core.ApplicationFilterChain.doFilter(ApplicationFilterChain.java:140)
	at org.springframework.web.filter.CharacterEncodingFilter.doFilterInternal(CharacterEncodingFilter.java:201)
	at org.springframework.web.filter.OncePerRequestFilter.doFilter(OncePerRequestFilter.java:116)
	at org.apache.catalina.core.ApplicationFilterChain.internalDoFilter(ApplicationFilterChain.java:164)
	at org.apache.catalina.core.ApplicationFilterChain.doFilter(ApplicationFilterChain.java:140)
	at org.apache.catalina.core.StandardWrapperValve.invoke(StandardWrapperValve.java:167)
	at org.apache.catalina.core.StandardContextValve.invoke(StandardContextValve.java:90)
	at org.apache.catalina.authenticator.AuthenticatorBase.invoke(AuthenticatorBase.java:483)
	at org.apache.catalina.core.StandardHostValve.invoke(StandardHostValve.java:115)
	at org.apache.catalina.valves.ErrorReportValve.invoke(ErrorReportValve.java:93)
	at org.apache.catalina.core.StandardEngineValve.invoke(StandardEngineValve.java:74)
	at org.apache.catalina.connector.CoyoteAdapter.service(CoyoteAdapter.java:344)
	at org.apache.coyote.http11.Http11Processor.service(Http11Processor.java:397)
	at org.apache.coyote.AbstractProcessorLight.process(AbstractProcessorLight.java:63)
	at org.apache.coyote.AbstractProtocol$ConnectionHandler.process(AbstractProtocol.java:905)
	at org.apache.tomcat.util.net.NioEndpoint$SocketProcessor.doRun(NioEndpoint.java:1743)
	at org.apache.tomcat.util.net.SocketProcessorBase.run(SocketProcessorBase.java:52)
	at org.apache.tomcat.util.threads.ThreadPoolExecutor.runWorker(ThreadPoolExecutor.java:1190)
	at org.apache.tomcat.util.threads.ThreadPoolExecutor$Worker.run(ThreadPoolExecutor.java:659)
	at org.apache.tomcat.util.threads.TaskThread$WrappingRunnable.run(TaskThread.java:63)
	at java.base/java.lang.Thread.run(Thread.java:1623)
2025-04-17 18:30:49,499 ERROR o.a.c.c.C.[.[.[.[dispatcherServlet] [http-nio-8080-exec-2] [-] Servlet.service() for servlet [dispatcherServlet] in context with path [] threw exception [Request processing failed: org.yalico.backend.apirest.app.domain.exception.ClienteYaExistente: Ya existe un cliente registrado con el email: jeanpiero_23_01@hotmail.com] with root cause
org.yalico.backend.apirest.app.domain.exception.ClienteYaExistente: Ya existe un cliente registrado con el email: jeanpiero_23_01@hotmail.com
	at org.yalico.backend.apirest.app.application.usecases.CrearClienteUseCaseImpl.crearCliente(CrearClienteUseCaseImpl.java:21)
	at org.yalico.backend.apirest.app.application.services.ClienteService.crearCliente(ClienteService.java:45)
	at java.base/jdk.internal.reflect.DirectMethodHandleAccessor.invoke(DirectMethodHandleAccessor.java:104)
	at java.base/java.lang.reflect.Method.invoke(Method.java:578)
	at org.springframework.aop.support.AopUtils.invokeJoinpointUsingReflection(AopUtils.java:359)
	at org.springframework.aop.framework.ReflectiveMethodInvocation.invokeJoinpoint(ReflectiveMethodInvocation.java:196)
	at org.springframework.aop.framework.ReflectiveMethodInvocation.proceed(ReflectiveMethodInvocation.java:163)
	at org.springframework.transaction.interceptor.TransactionAspectSupport.invokeWithinTransaction(TransactionAspectSupport.java:380)
	at org.springframework.transaction.interceptor.TransactionInterceptor.invoke(TransactionInterceptor.java:119)
	at org.springframework.aop.framework.ReflectiveMethodInvocation.proceed(ReflectiveMethodInvocation.java:184)
	at org.springframework.aop.framework.CglibAopProxy$DynamicAdvisedInterceptor.intercept(CglibAopProxy.java:727)
	at org.yalico.backend.apirest.app.application.services.ClienteService$$SpringCGLIB$$0.crearCliente(<generated>)
	at org.yalico.backend.apirest.app.infrastructure.controllers.ClienteControllers.crearCliente(ClienteControllers.java:33)
	at java.base/jdk.internal.reflect.DirectMethodHandleAccessor.invoke(DirectMethodHandleAccessor.java:104)
	at java.base/java.lang.reflect.Method.invoke(Method.java:578)
	at org.springframework.web.method.support.InvocableHandlerMethod.doInvoke(InvocableHandlerMethod.java:258)
	at org.springframework.web.method.support.InvocableHandlerMethod.invokeForRequest(InvocableHandlerMethod.java:191)
	at org.springframework.web.servlet.mvc.method.annotation.ServletInvocableHandlerMethod.invokeAndHandle(ServletInvocableHandlerMethod.java:118)
	at org.springframework.web.servlet.mvc.method.annotation.RequestMappingHandlerAdapter.invokeHandlerMethod(RequestMappingHandlerAdapter.java:986)
	at org.springframework.web.servlet.mvc.method.annotation.RequestMappingHandlerAdapter.handleInternal(RequestMappingHandlerAdapter.java:891)
	at org.springframework.web.servlet.mvc.method.AbstractHandlerMethodAdapter.handle(AbstractHandlerMethodAdapter.java:87)
	at org.springframework.web.servlet.DispatcherServlet.doDispatch(DispatcherServlet.java:1089)
	at org.springframework.web.servlet.DispatcherServlet.doService(DispatcherServlet.java:979)
	at org.springframework.web.servlet.FrameworkServlet.processRequest(FrameworkServlet.java:1014)
	at org.springframework.web.servlet.FrameworkServlet.doPost(FrameworkServlet.java:914)
	at jakarta.servlet.http.HttpServlet.service(HttpServlet.java:590)
	at org.springframework.web.servlet.FrameworkServlet.service(FrameworkServlet.java:885)
	at jakarta.servlet.http.HttpServlet.service(HttpServlet.java:658)
	at org.apache.catalina.core.ApplicationFilterChain.internalDoFilter(ApplicationFilterChain.java:195)
	at org.apache.catalina.core.ApplicationFilterChain.doFilter(ApplicationFilterChain.java:140)
	at org.apache.tomcat.websocket.server.WsFilter.doFilter(WsFilter.java:51)
	at org.apache.catalina.core.ApplicationFilterChain.internalDoFilter(ApplicationFilterChain.java:164)
	at org.apache.catalina.core.ApplicationFilterChain.doFilter(ApplicationFilterChain.java:140)
	at org.springframework.web.filter.RequestContextFilter.doFilterInternal(RequestContextFilter.java:100)
	at org.springframework.web.filter.OncePerRequestFilter.doFilter(OncePerRequestFilter.java:116)
	at org.apache.catalina.core.ApplicationFilterChain.internalDoFilter(ApplicationFilterChain.java:164)
	at org.apache.catalina.core.ApplicationFilterChain.doFilter(ApplicationFilterChain.java:140)
	at org.springframework.web.filter.FormContentFilter.doFilterInternal(FormContentFilter.java:93)
	at org.springframework.web.filter.OncePerRequestFilter.doFilter(OncePerRequestFilter.java:116)
	at org.apache.catalina.core.ApplicationFilterChain.internalDoFilter(ApplicationFilterChain.java:164)
	at org.apache.catalina.core.ApplicationFilterChain.doFilter(ApplicationFilterChain.java:140)
	at org.springframework.web.filter.CharacterEncodingFilter.doFilterInternal(CharacterEncodingFilter.java:201)
	at org.springframework.web.filter.OncePerRequestFilter.doFilter(OncePerRequestFilter.java:116)
	at org.apache.catalina.core.ApplicationFilterChain.internalDoFilter(ApplicationFilterChain.java:164)
	at org.apache.catalina.core.ApplicationFilterChain.doFilter(ApplicationFilterChain.java:140)
	at org.apache.catalina.core.StandardWrapperValve.invoke(StandardWrapperValve.java:167)
	at org.apache.catalina.core.StandardContextValve.invoke(StandardContextValve.java:90)
	at org.apache.catalina.authenticator.AuthenticatorBase.invoke(AuthenticatorBase.java:483)
	at org.apache.catalina.core.StandardHostValve.invoke(StandardHostValve.java:115)
	at org.apache.catalina.valves.ErrorReportValve.invoke(ErrorReportValve.java:93)
	at org.apache.catalina.core.StandardEngineValve.invoke(StandardEngineValve.java:74)
	at org.apache.catalina.connector.CoyoteAdapter.service(CoyoteAdapter.java:344)
	at org.apache.coyote.http11.Http11Processor.service(Http11Processor.java:397)
	at org.apache.coyote.AbstractProcessorLight.process(AbstractProcessorLight.java:63)
	at org.apache.coyote.AbstractProtocol$ConnectionHandler.process(AbstractProtocol.java:905)
	at org.apache.tomcat.util.net.NioEndpoint$SocketProcessor.doRun(NioEndpoint.java:1743)
	at org.apache.tomcat.util.net.SocketProcessorBase.run(SocketProcessorBase.java:52)
	at org.apache.tomcat.util.threads.ThreadPoolExecutor.runWorker(ThreadPoolExecutor.java:1190)
	at org.apache.tomcat.util.threads.ThreadPoolExecutor$Worker.run(ThreadPoolExecutor.java:659)
	at org.apache.tomcat.util.threads.TaskThread$WrappingRunnable.run(TaskThread.java:63)
	at java.base/java.lang.Thread.run(Thread.java:1623)
2025-04-17 18:31:57,569 WARN o.s.w.s.m.m.a.ExceptionHandlerExceptionResolver [http-nio-8080-exec-6] [-] Failure in @ExceptionHandler org.yalico.backend.apirest.app.infrastructure.controllers.GlobalControllerAdvice#handleErrorResponse(MethodArgumentNotValidException)
org.springframework.web.HttpMediaTypeNotAcceptableException: No acceptable representation
	at org.springframework.web.servlet.mvc.method.annotation.AbstractMessageConverterMethodProcessor.writeWithMessageConverters(AbstractMessageConverterMethodProcessor.java:368)
	at org.springframework.web.servlet.mvc.method.annotation.RequestResponseBodyMethodProcessor.handleReturnValue(RequestResponseBodyMethodProcessor.java:208)
	at org.springframework.web.method.support.HandlerMethodReturnValueHandlerComposite.handleReturnValue(HandlerMethodReturnValueHandlerComposite.java:78)
	at org.springframework.web.servlet.mvc.method.annotation.ServletInvocableHandlerMethod.invokeAndHandle(ServletInvocableHandlerMethod.java:136)
	at org.springframework.web.servlet.mvc.method.annotation.ExceptionHandlerExceptionResolver.doResolveHandlerMethodException(ExceptionHandlerExceptionResolver.java:471)
	at org.springframework.web.servlet.handler.AbstractHandlerMethodExceptionResolver.doResolveException(AbstractHandlerMethodExceptionResolver.java:73)
	at org.springframework.web.servlet.handler.AbstractHandlerExceptionResolver.resolveException(AbstractHandlerExceptionResolver.java:182)
	at org.springframework.web.servlet.handler.HandlerExceptionResolverComposite.resolveException(HandlerExceptionResolverComposite.java:80)
	at org.springframework.web.servlet.DispatcherServlet.processHandlerException(DispatcherServlet.java:1359)
	at org.springframework.web.servlet.DispatcherServlet.processDispatchResult(DispatcherServlet.java:1161)
	at org.springframework.web.servlet.DispatcherServlet.doDispatch(DispatcherServlet.java:1106)
	at org.springframework.web.servlet.DispatcherServlet.doService(DispatcherServlet.java:979)
	at org.springframework.web.servlet.FrameworkServlet.processRequest(FrameworkServlet.java:1014)
	at org.springframework.web.servlet.FrameworkServlet.doPost(FrameworkServlet.java:914)
	at jakarta.servlet.http.HttpServlet.service(HttpServlet.java:590)
	at org.springframework.web.servlet.FrameworkServlet.service(FrameworkServlet.java:885)
	at jakarta.servlet.http.HttpServlet.service(HttpServlet.java:658)
	at org.apache.catalina.core.ApplicationFilterChain.internalDoFilter(ApplicationFilterChain.java:195)
	at org.apache.catalina.core.ApplicationFilterChain.doFilter(ApplicationFilterChain.java:140)
	at org.apache.tomcat.websocket.server.WsFilter.doFilter(WsFilter.java:51)
	at org.apache.catalina.core.ApplicationFilterChain.internalDoFilter(ApplicationFilterChain.java:164)
	at org.apache.catalina.core.ApplicationFilterChain.doFilter(ApplicationFilterChain.java:140)
	at org.springframework.web.filter.RequestContextFilter.doFilterInternal(RequestContextFilter.java:100)
	at org.springframework.web.filter.OncePerRequestFilter.doFilter(OncePerRequestFilter.java:116)
	at org.apache.catalina.core.ApplicationFilterChain.internalDoFilter(ApplicationFilterChain.java:164)
	at org.apache.catalina.core.ApplicationFilterChain.doFilter(ApplicationFilterChain.java:140)
	at org.springframework.web.filter.FormContentFilter.doFilterInternal(FormContentFilter.java:93)
	at org.springframework.web.filter.OncePerRequestFilter.doFilter(OncePerRequestFilter.java:116)
	at org.apache.catalina.core.ApplicationFilterChain.internalDoFilter(ApplicationFilterChain.java:164)
	at org.apache.catalina.core.ApplicationFilterChain.doFilter(ApplicationFilterChain.java:140)
	at org.springframework.web.filter.CharacterEncodingFilter.doFilterInternal(CharacterEncodingFilter.java:201)
	at org.springframework.web.filter.OncePerRequestFilter.doFilter(OncePerRequestFilter.java:116)
	at org.apache.catalina.core.ApplicationFilterChain.internalDoFilter(ApplicationFilterChain.java:164)
	at org.apache.catalina.core.ApplicationFilterChain.doFilter(ApplicationFilterChain.java:140)
	at org.apache.catalina.core.StandardWrapperValve.invoke(StandardWrapperValve.java:167)
	at org.apache.catalina.core.StandardContextValve.invoke(StandardContextValve.java:90)
	at org.apache.catalina.authenticator.AuthenticatorBase.invoke(AuthenticatorBase.java:483)
	at org.apache.catalina.core.StandardHostValve.invoke(StandardHostValve.java:115)
	at org.apache.catalina.valves.ErrorReportValve.invoke(ErrorReportValve.java:93)
	at org.apache.catalina.core.StandardEngineValve.invoke(StandardEngineValve.java:74)
	at org.apache.catalina.connector.CoyoteAdapter.service(CoyoteAdapter.java:344)
	at org.apache.coyote.http11.Http11Processor.service(Http11Processor.java:397)
	at org.apache.coyote.AbstractProcessorLight.process(AbstractProcessorLight.java:63)
	at org.apache.coyote.AbstractProtocol$ConnectionHandler.process(AbstractProtocol.java:905)
	at org.apache.tomcat.util.net.NioEndpoint$SocketProcessor.doRun(NioEndpoint.java:1743)
	at org.apache.tomcat.util.net.SocketProcessorBase.run(SocketProcessorBase.java:52)
	at org.apache.tomcat.util.threads.ThreadPoolExecutor.runWorker(ThreadPoolExecutor.java:1190)
	at org.apache.tomcat.util.threads.ThreadPoolExecutor$Worker.run(ThreadPoolExecutor.java:659)
	at org.apache.tomcat.util.threads.TaskThread$WrappingRunnable.run(TaskThread.java:63)
	at java.base/java.lang.Thread.run(Thread.java:1623)
2025-04-17 18:31:57,572 WARN o.s.w.s.m.s.DefaultHandlerExceptionResolver [http-nio-8080-exec-6] [-] Resolved [org.springframework.web.bind.MethodArgumentNotValidException: Validation failed for argument [0] in public org.springframework.http.ResponseEntity<org.yalico.backend.apirest.app.domain.models.Cliente> org.yalico.backend.apirest.app.infrastructure.controllers.ClienteControllers.crearCliente(org.yalico.backend.apirest.app.infrastructure.dto.request.ClienteDTORequest) with 3 errors: [Field error in object 'clienteDTORequest' on field 'apellidos': rejected value [null]; codes [NotBlank.clienteDTORequest.apellidos,NotBlank.apellidos,NotBlank.java.lang.String,NotBlank]; arguments [org.springframework.context.support.DefaultMessageSourceResolvable: codes [clienteDTORequest.apellidos,apellidos]; arguments []; default message [apellidos]]; default message [no debe estar vacío]] [Field error in object 'clienteDTORequest' on field 'email': rejected value [null]; codes [NotBlank.clienteDTORequest.email,NotBlank.email,NotBlank.java.lang.String,NotBlank]; arguments [org.springframework.context.support.DefaultMessageSourceResolvable: codes [clienteDTORequest.email,email]; arguments []; default message [email]]; default message [no debe estar vacío]] [Field error in object 'clienteDTORequest' on field 'nombre': rejected value [null]; codes [NotBlank.clienteDTORequest.nombre,NotBlank.nombre,NotBlank.java.lang.String,NotBlank]; arguments [org.springframework.context.support.DefaultMessageSourceResolvable: codes [clienteDTORequest.nombre,nombre]; arguments []; default message [nombre]]; default message [no debe estar vacío]] ]
2025-04-17 18:32:14,164 INFO c.z.h.HikariDataSource [SpringApplicationShutdownHook] [-] HikariPool-1 - Shutdown initiated...
2025-04-17 18:32:14,171 INFO c.z.h.HikariDataSource [SpringApplicationShutdownHook] [-] HikariPool-1 - Shutdown completed.
2025-04-17 18:36:53,228 INFO o.y.b.a.a.BackendApiApplication [restartedMain] [-] Starting BackendApiApplication using Java 20.0.1 with PID 25084 (C:\Users\Oscar\Desktop\backend-api\target\classes started by Oscar in C:\Users\Oscar\Desktop\backend-api)
2025-04-17 18:36:53,230 INFO o.y.b.a.a.BackendApiApplication [restartedMain] [-] No active profile set, falling back to 1 default profile: "default"
2025-04-17 18:36:57,455 INFO o.a.c.h.Http11NioProtocol [restartedMain] [-] Initializing ProtocolHandler ["http-nio-8080"]
2025-04-17 18:36:58,564 INFO c.z.h.HikariDataSource [restartedMain] [-] HikariPool-1 - Starting...
2025-04-17 18:36:58,880 INFO c.z.h.p.HikariPool [restartedMain] [-] HikariPool-1 - Added connection com.mysql.cj.jdbc.ConnectionImpl@66d438c1
2025-04-17 18:36:58,883 INFO c.z.h.HikariDataSource [restartedMain] [-] HikariPool-1 - Start completed.
2025-04-17 18:36:58,954 WARN o.h.orm.deprecation [restartedMain] [-] HHH90000025: MySQL8Dialect does not need to be specified explicitly using 'hibernate.dialect' (remove the property setting and it will be selected by default)
2025-04-17 18:36:58,955 WARN o.h.orm.deprecation [restartedMain] [-] HHH90000026: MySQL8Dialect has been deprecated; use org.hibernate.dialect.MySQLDialect instead
2025-04-17 18:37:00,665 WARN o.s.b.a.o.j.JpaBaseConfiguration$JpaWebConfiguration [restartedMain] [-] spring.jpa.open-in-view is enabled by default. Therefore, database queries may be performed during view rendering. Explicitly configure spring.jpa.open-in-view to disable this warning
2025-04-17 18:37:01,386 INFO o.a.c.h.Http11NioProtocol [restartedMain] [-] Starting ProtocolHandler ["http-nio-8080"]
2025-04-17 18:37:01,452 INFO o.y.b.a.a.BackendApiApplication [restartedMain] [-] Started BackendApiApplication in 9.02 seconds (process running for 9.582)
2025-04-17 18:37:03,796 WARN o.s.w.s.m.m.a.ExceptionHandlerExceptionResolver [http-nio-8080-exec-1] [-] Resolved [org.springframework.web.bind.MethodArgumentNotValidException: Validation failed for argument [0] in public org.springframework.http.ResponseEntity<org.yalico.backend.apirest.app.domain.models.Cliente> org.yalico.backend.apirest.app.infrastructure.controllers.ClienteControllers.crearCliente(org.yalico.backend.apirest.app.infrastructure.dto.request.ClienteDTORequest) with 3 errors: [Field error in object 'clienteDTORequest' on field 'apellidos': rejected value [null]; codes [NotBlank.clienteDTORequest.apellidos,NotBlank.apellidos,NotBlank.java.lang.String,NotBlank]; arguments [org.springframework.context.support.DefaultMessageSourceResolvable: codes [clienteDTORequest.apellidos,apellidos]; arguments []; default message [apellidos]]; default message [no debe estar vacío]] [Field error in object 'clienteDTORequest' on field 'email': rejected value [null]; codes [NotBlank.clienteDTORequest.email,NotBlank.email,NotBlank.java.lang.String,NotBlank]; arguments [org.springframework.context.support.DefaultMessageSourceResolvable: codes [clienteDTORequest.email,email]; arguments []; default message [email]]; default message [no debe estar vacío]] [Field error in object 'clienteDTORequest' on field 'nombre': rejected value [null]; codes [NotBlank.clienteDTORequest.nombre,NotBlank.nombre,NotBlank.java.lang.String,NotBlank]; arguments [org.springframework.context.support.DefaultMessageSourceResolvable: codes [clienteDTORequest.nombre,nombre]; arguments []; default message [nombre]]; default message [no debe estar vacío]] ]
2025-04-17 18:37:05,894 WARN o.s.w.s.m.m.a.ExceptionHandlerExceptionResolver [http-nio-8080-exec-4] [-] Resolved [org.springframework.web.bind.MethodArgumentNotValidException: Validation failed for argument [0] in public org.springframework.http.ResponseEntity<org.yalico.backend.apirest.app.domain.models.Cliente> org.yalico.backend.apirest.app.infrastructure.controllers.ClienteControllers.crearCliente(org.yalico.backend.apirest.app.infrastructure.dto.request.ClienteDTORequest) with 3 errors: [Field error in object 'clienteDTORequest' on field 'apellidos': rejected value [null]; codes [NotBlank.clienteDTORequest.apellidos,NotBlank.apellidos,NotBlank.java.lang.String,NotBlank]; arguments [org.springframework.context.support.DefaultMessageSourceResolvable: codes [clienteDTORequest.apellidos,apellidos]; arguments []; default message [apellidos]]; default message [no debe estar vacío]] [Field error in object 'clienteDTORequest' on field 'email': rejected value [null]; codes [NotBlank.clienteDTORequest.email,NotBlank.email,NotBlank.java.lang.String,NotBlank]; arguments [org.springframework.context.support.DefaultMessageSourceResolvable: codes [clienteDTORequest.email,email]; arguments []; default message [email]]; default message [no debe estar vacío]] [Field error in object 'clienteDTORequest' on field 'nombre': rejected value [null]; codes [NotBlank.clienteDTORequest.nombre,NotBlank.nombre,NotBlank.java.lang.String,NotBlank]; arguments [org.springframework.context.support.DefaultMessageSourceResolvable: codes [clienteDTORequest.nombre,nombre]; arguments []; default message [nombre]]; default message [no debe estar vacío]] ]
2025-04-17 18:37:17,082 INFO o.y.b.a.a.i.c.ClienteControllers [http-nio-8080-exec-6] [-] Creando cliente: ClienteDTORequest[nombre=oscar, apellidos=yalico espinoza, email=jeanpiero_23_01@hotmail.com]
2025-04-17 18:37:17,290 DEBUG org.hibernate.SQL [http-nio-8080-exec-6] [-] select ce1_0.id from clientes ce1_0 where ce1_0.email=? limit ?
2025-04-17 18:37:17,316 WARN o.s.w.s.m.m.a.ExceptionHandlerExceptionResolver [http-nio-8080-exec-6] [-] Resolved [org.yalico.backend.apirest.app.domain.exception.ClienteYaExistente: Ya existe un cliente registrado con el email: jeanpiero_23_01@hotmail.com]
2025-04-17 18:38:13,780 WARN o.s.w.s.m.m.a.ExceptionHandlerExceptionResolver [http-nio-8080-exec-7] [-] Resolved [org.springframework.http.converter.HttpMessageNotReadableException: Required request body is missing: public org.springframework.http.ResponseEntity<org.yalico.backend.apirest.app.domain.models.Cliente> org.yalico.backend.apirest.app.infrastructure.controllers.ClienteControllers.crearCliente(org.yalico.backend.apirest.app.infrastructure.dto.request.ClienteDTORequest)]
2025-04-17 18:38:21,071 WARN o.s.w.s.m.m.a.ExceptionHandlerExceptionResolver [http-nio-8080-exec-9] [-] Resolved [org.springframework.web.bind.MethodArgumentNotValidException: Validation failed for argument [0] in public org.springframework.http.ResponseEntity<org.yalico.backend.apirest.app.domain.models.Cliente> org.yalico.backend.apirest.app.infrastructure.controllers.ClienteControllers.crearCliente(org.yalico.backend.apirest.app.infrastructure.dto.request.ClienteDTORequest) with 3 errors: [Field error in object 'clienteDTORequest' on field 'email': rejected value [null]; codes [NotBlank.clienteDTORequest.email,NotBlank.email,NotBlank.java.lang.String,NotBlank]; arguments [org.springframework.context.support.DefaultMessageSourceResolvable: codes [clienteDTORequest.email,email]; arguments []; default message [email]]; default message [no debe estar vacío]] [Field error in object 'clienteDTORequest' on field 'nombre': rejected value [null]; codes [NotBlank.clienteDTORequest.nombre,NotBlank.nombre,NotBlank.java.lang.String,NotBlank]; arguments [org.springframework.context.support.DefaultMessageSourceResolvable: codes [clienteDTORequest.nombre,nombre]; arguments []; default message [nombre]]; default message [no debe estar vacío]] [Field error in object 'clienteDTORequest' on field 'apellidos': rejected value [null]; codes [NotBlank.clienteDTORequest.apellidos,NotBlank.apellidos,NotBlank.java.lang.String,NotBlank]; arguments [org.springframework.context.support.DefaultMessageSourceResolvable: codes [clienteDTORequest.apellidos,apellidos]; arguments []; default message [apellidos]]; default message [no debe estar vacío]] ]
2025-04-17 18:38:36,317 INFO c.z.h.HikariDataSource [SpringApplicationShutdownHook] [-] HikariPool-1 - Shutdown initiated...
2025-04-17 18:38:36,330 INFO c.z.h.HikariDataSource [SpringApplicationShutdownHook] [-] HikariPool-1 - Shutdown completed.
2025-04-17 18:38:43,133 INFO o.y.b.a.a.BackendApiApplication [restartedMain] [-] Starting BackendApiApplication using Java 20.0.1 with PID 22028 (C:\Users\Oscar\Desktop\backend-api\target\classes started by Oscar in C:\Users\Oscar\Desktop\backend-api)
2025-04-17 18:38:43,139 INFO o.y.b.a.a.BackendApiApplication [restartedMain] [-] No active profile set, falling back to 1 default profile: "default"
2025-04-17 18:38:47,071 INFO o.a.c.h.Http11NioProtocol [restartedMain] [-] Initializing ProtocolHandler ["http-nio-8080"]
2025-04-17 18:38:47,964 INFO c.z.h.HikariDataSource [restartedMain] [-] HikariPool-1 - Starting...
2025-04-17 18:38:48,197 INFO c.z.h.p.HikariPool [restartedMain] [-] HikariPool-1 - Added connection com.mysql.cj.jdbc.ConnectionImpl@7c442ff5
2025-04-17 18:38:48,199 INFO c.z.h.HikariDataSource [restartedMain] [-] HikariPool-1 - Start completed.
2025-04-17 18:38:48,258 WARN o.h.orm.deprecation [restartedMain] [-] HHH90000025: MySQL8Dialect does not need to be specified explicitly using 'hibernate.dialect' (remove the property setting and it will be selected by default)
2025-04-17 18:38:48,259 WARN o.h.orm.deprecation [restartedMain] [-] HHH90000026: MySQL8Dialect has been deprecated; use org.hibernate.dialect.MySQLDialect instead
2025-04-17 18:38:49,745 WARN o.s.b.a.o.j.JpaBaseConfiguration$JpaWebConfiguration [restartedMain] [-] spring.jpa.open-in-view is enabled by default. Therefore, database queries may be performed during view rendering. Explicitly configure spring.jpa.open-in-view to disable this warning
2025-04-17 18:38:50,255 INFO o.a.c.h.Http11NioProtocol [restartedMain] [-] Starting ProtocolHandler ["http-nio-8080"]
2025-04-17 18:38:50,288 INFO o.y.b.a.a.BackendApiApplication [restartedMain] [-] Started BackendApiApplication in 8.106 seconds (process running for 8.824)
2025-04-17 18:39:54,502 WARN o.s.w.s.m.m.a.ExceptionHandlerExceptionResolver [http-nio-8080-exec-2] [-] Resolved [org.springframework.web.bind.MethodArgumentNotValidException: Validation failed for argument [0] in public org.springframework.http.ResponseEntity<org.yalico.backend.apirest.app.domain.models.Cliente> org.yalico.backend.apirest.app.infrastructure.controllers.ClienteControllers.crearCliente(org.yalico.backend.apirest.app.infrastructure.dto.request.ClienteDTORequest) with 3 errors: [Field error in object 'clienteDTORequest' on field 'apellidos': rejected value [null]; codes [NotBlank.clienteDTORequest.apellidos,NotBlank.apellidos,NotBlank.java.lang.String,NotBlank]; arguments [org.springframework.context.support.DefaultMessageSourceResolvable: codes [clienteDTORequest.apellidos,apellidos]; arguments []; default message [apellidos]]; default message [no debe estar vacío]] [Field error in object 'clienteDTORequest' on field 'email': rejected value [null]; codes [NotBlank.clienteDTORequest.email,NotBlank.email,NotBlank.java.lang.String,NotBlank]; arguments [org.springframework.context.support.DefaultMessageSourceResolvable: codes [clienteDTORequest.email,email]; arguments []; default message [email]]; default message [no debe estar vacío]] [Field error in object 'clienteDTORequest' on field 'nombre': rejected value [null]; codes [NotBlank.clienteDTORequest.nombre,NotBlank.nombre,NotBlank.java.lang.String,NotBlank]; arguments [org.springframework.context.support.DefaultMessageSourceResolvable: codes [clienteDTORequest.nombre,nombre]; arguments []; default message [nombre]]; default message [no debe estar vacío]] ]
2025-04-17 18:41:05,886 WARN o.s.w.s.m.m.a.ExceptionHandlerExceptionResolver [http-nio-8080-exec-4] [-] Resolved [org.springframework.web.bind.MethodArgumentNotValidException: Validation failed for argument [0] in public org.springframework.http.ResponseEntity<org.yalico.backend.apirest.app.domain.models.Cliente> org.yalico.backend.apirest.app.infrastructure.controllers.ClienteControllers.crearCliente(org.yalico.backend.apirest.app.infrastructure.dto.request.ClienteDTORequest): [Field error in object 'clienteDTORequest' on field 'email': rejected value [jeanpiero_23_01]; codes [Email.clienteDTORequest.email,Email.email,Email.java.lang.String,Email]; arguments [org.springframework.context.support.DefaultMessageSourceResolvable: codes [clienteDTORequest.email,email]; arguments []; default message [email],[Ljakarta.validation.constraints.Pattern$Flag;@13cb1833,.*]; default message [debe ser una dirección de correo electrónico con formato correcto]] ]
2025-04-17 18:41:15,973 INFO o.y.b.a.a.i.c.ClienteControllers [http-nio-8080-exec-6] [-] Creando cliente: ClienteDTORequest[nombre=oscar, apellidos=yalico espinoza, email=jeanpiero_23_01@hotmail.com]
2025-04-17 18:41:16,212 DEBUG org.hibernate.SQL [http-nio-8080-exec-6] [-] select ce1_0.id from clientes ce1_0 where ce1_0.email=? limit ?
2025-04-17 18:41:16,243 WARN o.s.w.s.m.m.a.ExceptionHandlerExceptionResolver [http-nio-8080-exec-6] [-] Resolved [org.yalico.backend.apirest.app.domain.exception.ClienteYaExistente: Ya existe un cliente registrado con el email: jeanpiero_23_01@hotmail.com]
2025-04-17 18:41:39,274 INFO c.z.h.HikariDataSource [SpringApplicationShutdownHook] [-] HikariPool-1 - Shutdown initiated...
2025-04-17 18:41:39,283 INFO c.z.h.HikariDataSource [SpringApplicationShutdownHook] [-] HikariPool-1 - Shutdown completed.
2025-04-17 20:21:13,190 INFO o.y.b.a.a.BackendApiApplication [restartedMain] [-] Starting BackendApiApplication using Java 20.0.1 with PID 7468 (C:\Users\Oscar\Desktop\backend-api\target\classes started by Oscar in C:\Users\Oscar\Desktop\backend-api)
2025-04-17 20:21:13,193 INFO o.y.b.a.a.BackendApiApplication [restartedMain] [-] No active profile set, falling back to 1 default profile: "default"
2025-04-17 20:21:17,471 INFO o.a.c.h.Http11NioProtocol [restartedMain] [-] Initializing ProtocolHandler ["http-nio-8080"]
2025-04-17 20:21:18,476 INFO c.z.h.HikariDataSource [restartedMain] [-] HikariPool-1 - Starting...
2025-04-17 20:21:18,737 INFO c.z.h.p.HikariPool [restartedMain] [-] HikariPool-1 - Added connection com.mysql.cj.jdbc.ConnectionImpl@53be4c82
2025-04-17 20:21:18,739 INFO c.z.h.HikariDataSource [restartedMain] [-] HikariPool-1 - Start completed.
2025-04-17 20:21:18,791 WARN o.h.orm.deprecation [restartedMain] [-] HHH90000025: MySQL8Dialect does not need to be specified explicitly using 'hibernate.dialect' (remove the property setting and it will be selected by default)
2025-04-17 20:21:18,792 WARN o.h.orm.deprecation [restartedMain] [-] HHH90000026: MySQL8Dialect has been deprecated; use org.hibernate.dialect.MySQLDialect instead
2025-04-17 20:21:23,680 WARN o.s.b.a.o.j.JpaBaseConfiguration$JpaWebConfiguration [restartedMain] [-] spring.jpa.open-in-view is enabled by default. Therefore, database queries may be performed during view rendering. Explicitly configure spring.jpa.open-in-view to disable this warning
2025-04-17 20:21:24,589 INFO o.a.c.h.Http11NioProtocol [restartedMain] [-] Starting ProtocolHandler ["http-nio-8080"]
2025-04-17 20:21:24,723 INFO o.y.b.a.a.BackendApiApplication [restartedMain] [-] Started BackendApiApplication in 12.442 seconds (process running for 19.441)
2025-04-17 20:22:42,483 DEBUG org.hibernate.SQL [http-nio-8080-exec-4] [-] select ce1_0.id,ce1_0.apellidos,ce1_0.create_at,ce1_0.email,ce1_0.nombre from clientes ce1_0
2025-04-17 20:23:13,765 INFO c.z.h.HikariDataSource [SpringApplicationShutdownHook] [-] HikariPool-1 - Shutdown initiated...
2025-04-17 20:23:13,776 INFO c.z.h.HikariDataSource [SpringApplicationShutdownHook] [-] HikariPool-1 - Shutdown completed.
2025-04-17 20:23:20,554 INFO o.y.b.a.a.BackendApiApplication [restartedMain] [-] Starting BackendApiApplication using Java 20.0.1 with PID 23760 (C:\Users\Oscar\Desktop\backend-api\target\classes started by Oscar in C:\Users\Oscar\Desktop\backend-api)
2025-04-17 20:23:20,559 INFO o.y.b.a.a.BackendApiApplication [restartedMain] [-] No active profile set, falling back to 1 default profile: "default"
2025-04-17 20:23:23,150 INFO o.a.c.h.Http11NioProtocol [restartedMain] [-] Initializing ProtocolHandler ["http-nio-8080"]
2025-04-17 20:23:24,677 INFO c.z.h.HikariDataSource [restartedMain] [-] HikariPool-1 - Starting...
2025-04-17 20:23:25,081 INFO c.z.h.p.HikariPool [restartedMain] [-] HikariPool-1 - Added connection com.mysql.cj.jdbc.ConnectionImpl@289ae107
2025-04-17 20:23:25,086 INFO c.z.h.HikariDataSource [restartedMain] [-] HikariPool-1 - Start completed.
2025-04-17 20:23:25,223 WARN o.h.orm.deprecation [restartedMain] [-] HHH90000025: MySQL8Dialect does not need to be specified explicitly using 'hibernate.dialect' (remove the property setting and it will be selected by default)
2025-04-17 20:23:25,225 WARN o.h.orm.deprecation [restartedMain] [-] HHH90000026: MySQL8Dialect has been deprecated; use org.hibernate.dialect.MySQLDialect instead
2025-04-17 20:23:27,247 WARN o.s.b.a.o.j.JpaBaseConfiguration$JpaWebConfiguration [restartedMain] [-] spring.jpa.open-in-view is enabled by default. Therefore, database queries may be performed during view rendering. Explicitly configure spring.jpa.open-in-view to disable this warning
2025-04-17 20:23:28,320 INFO o.a.c.h.Http11NioProtocol [restartedMain] [-] Starting ProtocolHandler ["http-nio-8080"]
2025-04-17 20:23:28,396 INFO o.y.b.a.a.BackendApiApplication [restartedMain] [-] Started BackendApiApplication in 8.673 seconds (process running for 9.26)
2025-04-17 20:23:51,980 DEBUG org.hibernate.SQL [http-nio-8080-exec-1] [-] select ce1_0.id,ce1_0.apellidos,ce1_0.create_at,ce1_0.email,ce1_0.nombre from clientes ce1_0
2025-04-17 20:24:11,499 DEBUG org.hibernate.SQL [http-nio-8080-exec-2] [-] select ce1_0.id,ce1_0.apellidos,ce1_0.create_at,ce1_0.email,ce1_0.nombre from clientes ce1_0
2025-04-17 20:24:29,423 DEBUG org.hibernate.SQL [http-nio-8080-exec-3] [-] select ce1_0.id,ce1_0.apellidos,ce1_0.create_at,ce1_0.email,ce1_0.nombre from clientes ce1_0
2025-04-17 20:24:38,466 DEBUG org.hibernate.SQL [http-nio-8080-exec-4] [-] select ce1_0.id,ce1_0.apellidos,ce1_0.create_at,ce1_0.email,ce1_0.nombre from clientes ce1_0
2025-04-17 20:24:40,513 DEBUG org.hibernate.SQL [http-nio-8080-exec-5] [-] select ce1_0.id,ce1_0.apellidos,ce1_0.create_at,ce1_0.email,ce1_0.nombre from clientes ce1_0
2025-04-17 20:24:44,488 DEBUG org.hibernate.SQL [http-nio-8080-exec-6] [-] select ce1_0.id,ce1_0.apellidos,ce1_0.create_at,ce1_0.email,ce1_0.nombre from clientes ce1_0
2025-04-17 20:24:45,479 DEBUG org.hibernate.SQL [http-nio-8080-exec-7] [-] select ce1_0.id,ce1_0.apellidos,ce1_0.create_at,ce1_0.email,ce1_0.nombre from clientes ce1_0
2025-04-17 20:24:47,407 DEBUG org.hibernate.SQL [http-nio-8080-exec-8] [-] select ce1_0.id,ce1_0.apellidos,ce1_0.create_at,ce1_0.email,ce1_0.nombre from clientes ce1_0
2025-04-17 20:24:54,863 DEBUG org.hibernate.SQL [http-nio-8080-exec-9] [-] select ce1_0.id,ce1_0.apellidos,ce1_0.create_at,ce1_0.email,ce1_0.nombre from clientes ce1_0
2025-04-17 20:25:08,560 DEBUG org.hibernate.SQL [http-nio-8080-exec-10] [-] select ce1_0.id,ce1_0.apellidos,ce1_0.create_at,ce1_0.email,ce1_0.nombre from clientes ce1_0
2025-04-17 20:25:11,327 DEBUG org.hibernate.SQL [http-nio-8080-exec-1] [-] select ce1_0.id,ce1_0.apellidos,ce1_0.create_at,ce1_0.email,ce1_0.nombre from clientes ce1_0
2025-04-17 20:25:18,374 DEBUG org.hibernate.SQL [http-nio-8080-exec-2] [-] select ce1_0.id,ce1_0.apellidos,ce1_0.create_at,ce1_0.email,ce1_0.nombre from clientes ce1_0
2025-04-17 20:25:26,793 DEBUG org.hibernate.SQL [http-nio-8080-exec-3] [-] select ce1_0.id,ce1_0.apellidos,ce1_0.create_at,ce1_0.email,ce1_0.nombre from clientes ce1_0
2025-04-17 20:25:31,169 DEBUG org.hibernate.SQL [http-nio-8080-exec-4] [-] select ce1_0.id,ce1_0.apellidos,ce1_0.create_at,ce1_0.email,ce1_0.nombre from clientes ce1_0
2025-04-17 20:25:34,788 DEBUG org.hibernate.SQL [http-nio-8080-exec-5] [-] select ce1_0.id,ce1_0.apellidos,ce1_0.create_at,ce1_0.email,ce1_0.nombre from clientes ce1_0
2025-04-17 20:25:36,379 DEBUG org.hibernate.SQL [http-nio-8080-exec-6] [-] select ce1_0.id,ce1_0.apellidos,ce1_0.create_at,ce1_0.email,ce1_0.nombre from clientes ce1_0
2025-04-17 20:25:52,904 DEBUG org.hibernate.SQL [http-nio-8080-exec-7] [-] select ce1_0.id,ce1_0.apellidos,ce1_0.create_at,ce1_0.email,ce1_0.nombre from clientes ce1_0
2025-04-17 20:26:24,301 INFO o.y.b.a.a.i.c.ClienteControllers [http-nio-8080-exec-8] [-] Creando cliente: ClienteDTORequest[nombre=jeanpiero, apellidos=sanches perez, email=perez_cobalto@hotmail.com]
2025-04-17 20:26:24,338 DEBUG org.hibernate.SQL [http-nio-8080-exec-8] [-] select ce1_0.id from clientes ce1_0 where ce1_0.email=? limit ?
2025-04-17 20:26:24,361 DEBUG org.hibernate.SQL [http-nio-8080-exec-8] [-] insert into clientes (apellidos,create_at,email,nombre) values (?,?,?,?)
2025-04-17 20:26:27,635 DEBUG org.hibernate.SQL [http-nio-8080-exec-10] [-] select ce1_0.id,ce1_0.apellidos,ce1_0.create_at,ce1_0.email,ce1_0.nombre from clientes ce1_0
2025-04-17 20:26:39,842 DEBUG org.hibernate.SQL [http-nio-8080-exec-1] [-] select ce1_0.id,ce1_0.apellidos,ce1_0.create_at,ce1_0.email,ce1_0.nombre from clientes ce1_0
2025-04-17 20:36:25,787 DEBUG org.hibernate.SQL [http-nio-8080-exec-4] [-] select ce1_0.id,ce1_0.apellidos,ce1_0.create_at,ce1_0.email,ce1_0.nombre from clientes ce1_0
2025-04-17 20:37:22,967 DEBUG org.hibernate.SQL [http-nio-8080-exec-5] [-] select ce1_0.id,ce1_0.apellidos,ce1_0.create_at,ce1_0.email,ce1_0.nombre from clientes ce1_0
2025-04-17 20:37:44,186 DEBUG org.hibernate.SQL [http-nio-8080-exec-6] [-] select ce1_0.id,ce1_0.apellidos,ce1_0.create_at,ce1_0.email,ce1_0.nombre from clientes ce1_0
2025-04-17 20:38:27,977 DEBUG org.hibernate.SQL [http-nio-8080-exec-7] [-] select ce1_0.id,ce1_0.apellidos,ce1_0.create_at,ce1_0.email,ce1_0.nombre from clientes ce1_0
2025-04-17 20:38:48,970 DEBUG org.hibernate.SQL [http-nio-8080-exec-9] [-] select ce1_0.id,ce1_0.apellidos,ce1_0.create_at,ce1_0.email,ce1_0.nombre from clientes ce1_0
2025-04-17 20:38:57,298 DEBUG org.hibernate.SQL [http-nio-8080-exec-8] [-] select ce1_0.id,ce1_0.apellidos,ce1_0.create_at,ce1_0.email,ce1_0.nombre from clientes ce1_0
2025-04-17 20:39:49,086 DEBUG org.hibernate.SQL [http-nio-8080-exec-10] [-] select ce1_0.id,ce1_0.apellidos,ce1_0.create_at,ce1_0.email,ce1_0.nombre from clientes ce1_0
2025-04-17 20:40:03,575 DEBUG org.hibernate.SQL [http-nio-8080-exec-1] [-] select ce1_0.id,ce1_0.apellidos,ce1_0.create_at,ce1_0.email,ce1_0.nombre from clientes ce1_0
2025-04-17 20:40:30,795 WARN o.s.w.s.m.m.a.ExceptionHandlerExceptionResolver [http-nio-8080-exec-2] [-] Resolved [org.springframework.web.servlet.resource.NoResourceFoundException: No static resource api.]
2025-04-17 20:40:46,998 DEBUG org.hibernate.SQL [http-nio-8080-exec-3] [-] select ce1_0.id,ce1_0.apellidos,ce1_0.create_at,ce1_0.email,ce1_0.nombre from clientes ce1_0
2025-04-17 20:49:04,579 DEBUG org.hibernate.SQL [http-nio-8080-exec-5] [-] select ce1_0.id,ce1_0.apellidos,ce1_0.create_at,ce1_0.email,ce1_0.nombre from clientes ce1_0
2025-04-17 21:00:30,578 INFO c.z.h.HikariDataSource [SpringApplicationShutdownHook] [-] HikariPool-1 - Shutdown initiated...
2025-04-17 21:00:30,581 INFO c.z.h.HikariDataSource [SpringApplicationShutdownHook] [-] HikariPool-1 - Shutdown completed.
